#
# There is insufficient memory for the Java Runtime Environment to continue.
# Native memory allocation (mmap) failed to map 65536 bytes. Error detail: Failed to commit metaspace.
# Possible reasons:
#   The system is out of physical RAM or swap space
#   This process is running with CompressedOops enabled, and the Java Heap may be blocking the growth of the native heap
# Possible solutions:
#   Reduce memory load on the system
#   Increase physical memory or swap space
#   Check if swap backing store is full
#   Decrease Java heap size (-Xmx/-Xms)
#   Decrease number of Java threads
#   Decrease Java thread stack sizes (-Xss)
#   Set larger code cache with -XX:ReservedCodeCacheSize=
#   JVM is running with Unscaled Compressed Oops mode in which the Java heap is
#     placed in the first 4GB address space. The Java Heap base address is the
#     maximum limit for the native heap growth. Please use -XX:HeapBaseMinAddress
#     to set the Java Heap base and to place the Java Heap above 4GB virtual address.
# This output file may be truncated or incomplete.
#
#  Out of Memory Error (virtualSpaceNode.cpp:113), pid=13868, tid=9004
#
# JRE version: OpenJDK Runtime Environment Microsoft-11933218 (21.0.8+9) (build 21.0.8+9-LTS)
# Java VM: OpenJDK 64-Bit Server VM Microsoft-11933218 (21.0.8+9-LTS, mixed mode, sharing, tiered, compressed oops, compressed class ptrs, g1 gc, windows-amd64)
# No core dump will be written. Minidumps are not enabled by default on client versions of Windows
#

---------------  S U M M A R Y ------------

Command Line: -javaagent:C:\Program Files\JetBrains\IntelliJ IDEA Community Edition 2025.1.4.1\lib\idea_rt.jar=58642 -Dfile.encoding=UTF-8 -Dsun.stdout.encoding=UTF-8 -Dsun.stderr.encoding=UTF-8 com.example.Drink_Local.DrinkLocalApplication

Host: Intel(R) Celeron(R) N4120 CPU @ 1.10GHz, 4 cores, 3G,  Windows 11 , 64 bit Build 22621 (10.0.22621.5415)
Time: Thu Nov  6 21:02:43 2025 Central Standard Time elapsed time: 6.133426 seconds (0d 0h 0m 6s)

---------------  T H R E A D  ---------------

Current thread (0x00000231f0ed1140):  JavaThread "background-preinit"        [_thread_in_vm, id=9004, stack(0x0000003328800000,0x0000003328900000) (1024K)]

Stack: [0x0000003328800000,0x0000003328900000]
Native frames: (J=compiled Java code, j=interpreted, Vv=VM code, C=native code)
V  [jvm.dll+0x6e1729]
V  [jvm.dll+0x8bf47b]
V  [jvm.dll+0x8c19aa]
V  [jvm.dll+0x8c2083]
V  [jvm.dll+0x289fd6]
V  [jvm.dll+0x8bb208]
V  [jvm.dll+0x683354]
V  [jvm.dll+0x1ee8d7]
V  [jvm.dll+0x1ee69e]
V  [jvm.dll+0x685c5f]
V  [jvm.dll+0x685a92]
V  [jvm.dll+0x683d2e]
V  [jvm.dll+0x273a40]
V  [jvm.dll+0x68e085]
V  [jvm.dll+0x21f70b]
V  [jvm.dll+0x21fbb5]
V  [jvm.dll+0x22059c]
V  [jvm.dll+0x215a8e]
V  [jvm.dll+0x5c064f]
V  [jvm.dll+0x838c15]
V  [jvm.dll+0x4827e7]
V  [jvm.dll+0x488838]
C  [java.dll+0x1818]

Java frames: (J=compiled Java code, j=interpreted, Vv=VM code)
J 671  java.lang.ClassLoader.defineClass1(Ljava/lang/ClassLoader;Ljava/lang/String;[BIILjava/security/ProtectionDomain;Ljava/lang/String;)Ljava/lang/Class; java.base@21.0.8 (0 bytes) @ 0x00000231a014b991 [0x00000231a014b8c0+0x00000000000000d1]
J 1295 c1 java.lang.ClassLoader.defineClass(Ljava/lang/String;[BIILjava/security/ProtectionDomain;)Ljava/lang/Class; java.base@21.0.8 (43 bytes) @ 0x000002319886a2f4 [0x0000023198869fa0+0x0000000000000354]
J 1221 c1 java.security.SecureClassLoader.defineClass(Ljava/lang/String;[BIILjava/security/CodeSource;)Ljava/lang/Class; java.base@21.0.8 (16 bytes) @ 0x000002319884ca1c [0x000002319884c940+0x00000000000000dc]
J 1001 c1 jdk.internal.loader.BuiltinClassLoader.defineClass(Ljava/lang/String;Ljdk/internal/loader/Resource;)Ljava/lang/Class; java.base@21.0.8 (121 bytes) @ 0x00000231987e761c [0x00000231987e66c0+0x0000000000000f5c]
J 872 c1 jdk.internal.loader.BuiltinClassLoader.findClassOnClassPathOrNull(Ljava/lang/String;)Ljava/lang/Class; java.base@21.0.8 (64 bytes) @ 0x000002319878d8f4 [0x000002319878cc20+0x0000000000000cd4]
J 535 c1 jdk.internal.loader.BuiltinClassLoader.loadClassOrNull(Ljava/lang/String;Z)Ljava/lang/Class; java.base@21.0.8 (143 bytes) @ 0x00000231986f747c [0x00000231986f6a60+0x0000000000000a1c]
J 799 c1 jdk.internal.loader.ClassLoaders$AppClassLoader.loadClass(Ljava/lang/String;Z)Ljava/lang/Class; java.base@21.0.8 (40 bytes) @ 0x0000023198769464 [0x0000023198769280+0x00000000000001e4]
J 798 c1 java.lang.ClassLoader.loadClass(Ljava/lang/String;)Ljava/lang/Class; java.base@21.0.8 (7 bytes) @ 0x0000023198768f54 [0x0000023198768e40+0x0000000000000114]
v  ~StubRoutines::call_stub 0x000002319fb71015
j  org.springframework.http.converter.json.Jackson2ObjectMapperBuilder.build()Lcom/fasterxml/jackson/databind/ObjectMapper;+77
j  org.springframework.http.converter.json.MappingJackson2HttpMessageConverter.<init>()V+4
j  org.springframework.http.converter.support.AllEncompassingFormHttpMessageConverter.<init>()V+55
j  org.springframework.boot.autoconfigure.BackgroundPreinitializer$MessageConverterInitializer.run()V+4
j  org.springframework.boot.autoconfigure.BackgroundPreinitializer$1.runSafely(Ljava/lang/Runnable;)Z+1
j  org.springframework.boot.autoconfigure.BackgroundPreinitializer$1.run()V+32
j  java.lang.Thread.runWith(Ljava/lang/Object;Ljava/lang/Runnable;)V+5 java.base@21.0.8
j  java.lang.Thread.run()V+19 java.base@21.0.8
v  ~StubRoutines::call_stub 0x000002319fb71015

Compiled method (n/a) 6190  671     n 0       java.lang.ClassLoader::defineClass1 (native)
 total in heap  [0x00000231a014b710,0x00000231a014bd70] = 1632
 relocation     [0x00000231a014b870,0x00000231a014b8b0] = 64
 main code      [0x00000231a014b8c0,0x00000231a014bd6d] = 1197
 stub code      [0x00000231a014bd6d,0x00000231a014bd70] = 3

[Constant Pool (empty)]

[MachCode]
[Entry Point]
  # {method} {0x00000231ab436f00} 'defineClass1' '(Ljava/lang/ClassLoader;Ljava/lang/String;[BIILjava/security/ProtectionDomain;Ljava/lang/String;)Ljava/lang/Class;' in 'java/lang/ClassLoader'
  # parm0:    rdx:rdx   = 'java/lang/ClassLoader'
  # parm1:    r8:r8     = 'java/lang/String'
  # parm2:    r9:r9     = '[B'
  # parm3:    rdi       = int
  # parm4:    rsi       = int
  # parm5:    rcx:rcx   = 'java/security/ProtectionDomain'
  # parm6:    [sp+0xa0]   = 'java/lang/String'  (sp of caller)
  0x00000231a014b8c0: 448b 5208 | 49bb 0000 | 00ab 3102 | 0000 4d03 | d349 3bc2 | 0f84 0600 

  0x00000231a014b8d8: ;   {runtime_call ic_miss_stub}
  0x00000231a014b8d8: 0000 e9a1 | 2ea7 ff90 
[Verified Entry Point]
  0x00000231a014b8e0: 8984 2400 | 80ff ff55 | 488b ec48 | 81ec 9000 | 0000 6690 | 4181 7f20 | 0100 0000 

  0x00000231a014b8fc: ;   {runtime_call StubRoutines (final stubs)}
  0x00000231a014b8fc: 7405 e87d | 92a5 ff48 | 837d 1000 | 488d 4510 | 480f 4445 | 1048 8944 | 2440 4889 | 4c24 7048 
  0x00000231a014b91c: 83f9 0048 | 8d44 2470 | 480f 4444 | 2470 4889 | 4424 3848 | 8974 2430 | 4889 7c24 | 284c 894c 
  0x00000231a014b93c: 2458 4983 | f900 488d | 4424 5848 | 0f44 4424 | 5848 8944 | 2420 4c89 | 4424 5049 | 83f8 004c 
  0x00000231a014b95c: 8d4c 2450 | 4c0f 444c | 2450 4889 | 5424 4848 | 83fa 004c | 8d44 2448 | 4c0f 4444 

  0x00000231a014b978: ;   {oop(a 'java/lang/Class'{0x00000000c3d998b0} = 'java/lang/ClassLoader')}
  0x00000231a014b978: 2448 49be | b098 d9c3 | 0000 0000 | 4c89 7424 | 784c 8d74 | 2478 498b 

  0x00000231a014b990: ; ImmutableOopMap {[72]=Oop [80]=Oop [88]=Oop [112]=Oop [120]=Oop [160]=Oop }
                      ;   {section_word}
  0x00000231a014b990: d649 ba91 | b914 a031 | 0200 004d | 8997 a003 | 0000 4989 | a798 0300 

  0x00000231a014b9a8: ;   {external_word}
  0x00000231a014b9a8: 0049 ba69 | 1ef2 1ff8 | 7f00 0041 | 803a 000f | 844e 0000 | 0052 4150 

  0x00000231a014b9c0: ;   {metadata({method} {0x00000231ab436f00} 'defineClass1' '(Ljava/lang/ClassLoader;Ljava/lang/String;[BIILjava/security/ProtectionDomain;Ljava/lang/String;)Ljava/lang/Class;' in 'java/lang/ClassLoader')}
  0x00000231a014b9c0: 4151 48ba | f86e 43ab | 3102 0000 | 498b cf48 | 83ec 2040 | f6c4 0f0f | 8419 0000 | 0048 83ec 
  0x00000231a014b9e0: ;   {runtime_call}
  0x00000231a014b9e0: 0848 b800 | 8c9b 1ff8 | 7f00 00ff | d048 83c4 | 08e9 0c00 

  0x00000231a014b9f4: ;   {runtime_call}
  0x00000231a014b9f4: 0000 48b8 | 008c 9b1f | f87f 0000 | ffd0 4883 | c420 4159 | 4158 5a49 | 8d8f b803 | 0000 41c7 
  0x00000231a014ba14: 8744 0400 | 0004 0000 

  0x00000231a014ba1c: ;   {runtime_call}
  0x00000231a014ba1c: 0048 b8d0 | 16e7 a7f8 | 7f00 00ff | d041 c787 | 4404 0000 | 0500 0000 | f083 4424 | c000 493b 
  0x00000231a014ba3c: af48 0400 | 000f 870e | 0000 0041 | 83bf 4004 | 0000 000f | 8428 0000 | 0048 8945 | f849 8bcf 
  0x00000231a014ba5c: 4c8b e448 | 83ec 2048 

  0x00000231a014ba64: ;   {runtime_call}
  0x00000231a014ba64: 83e4 f048 | b8a0 e166 | 1ff8 7f00 | 00ff d049 | 8be4 4d33 | e448 8b45 | f841 c787 | 4404 0000 
  0x00000231a014ba84: 0800 0000 | 4183 bfc0 | 0400 0002 | 0f84 ad02 

  0x00000231a014ba94: ;   {external_word}
  0x00000231a014ba94: 0000 49ba | 691e f21f | f87f 0000 | 4180 3a00 | 0f84 4c00 | 0000 4889 

  0x00000231a014baac: ;   {metadata({method} {0x00000231ab436f00} 'defineClass1' '(Ljava/lang/ClassLoader;Ljava/lang/String;[BIILjava/security/ProtectionDomain;Ljava/lang/String;)Ljava/lang/Class;' in 'java/lang/ClassLoader')}
  0x00000231a014baac: 45f8 48ba | f86e 43ab | 3102 0000 | 498b cf48 | 83ec 2040 | f6c4 0f0f | 8419 0000 | 0048 83ec 
  0x00000231a014bacc: ;   {runtime_call}
  0x00000231a014bacc: 0848 b800 | 8c9b 1ff8 | 7f00 00ff | d048 83c4 | 08e9 0c00 

  0x00000231a014bae0: ;   {runtime_call}
  0x00000231a014bae0: 0000 48b8 | 008c 9b1f | f87f 0000 | ffd0 4883 | c420 488b | 45f8 49c7 | 8798 0300 | 0000 0000 
  0x00000231a014bb00: 0049 c787 | a003 0000 | 0000 0000 | 4885 c00f | 840b 0200 | 00a8 030f | 8508 0000 | 0048 8b00 
  0x00000231a014bb20: e9fb 0100 | 00a8 010f | 8509 0000 | 0048 8b40 | fee9 ea01 | 0000 488b | 40ff 4180 | 7f40 000f 
  0x00000231a014bb40: 84db 0100 | 0048 83f8 | 000f 84d1 | 0100 0049 | 8b4f 2848 | 83f9 000f | 8414 0000 | 0048 83e9 
  0x00000231a014bb60: 0849 894f | 2849 034f | 3848 8901 | e9af 0100 | 0048 81ec | d000 0000 | 4889 0424 | 4889 4c24 
  0x00000231a014bb80: 0848 8954 | 2410 4889 | 7424 1848 | 897c 2420 | 4c89 4424 | 284c 894c | 2430 4c89 | 5424 384c 
  0x00000231a014bba0: 895c 2440 | f20f 1144 | 2450 f20f | 114c 2458 | f20f 1154 | 2460 f20f | 115c 2468 | f20f 1164 
  0x00000231a014bbc0: 2470 f20f | 116c 2478 | f20f 11b4 | 2480 0000 | 00f2 0f11 | bc24 8800 | 0000 f244 | 0f11 8424 
  0x00000231a014bbe0: ;   {no_reloc}
  0x00000231a014bbe0: 9000 0000 | f244 0f11 | 8c24 9800 | 0000 f244 | 0f11 9424 | a000 0000 | f244 0f11 | 9c24 a800 
  0x00000231a014bc00: 0000 f244 | 0f11 a424 | b000 0000 | f244 0f11 | ac24 b800 | 0000 f244 | 0f11 b424 | c000 0000 
  0x00000231a014bc20: f244 0f11 | bc24 c800 | 0000 498b | d748 8bc8 | 4883 ec20 | 40f6 c40f | 0f84 1900 | 0000 4883 
  0x00000231a014bc40: ;   {runtime_call}
  0x00000231a014bc40: ec08 48b8 | c019 5a1f | f87f 0000 | ffd0 4883 | c408 e90c 

  0x00000231a014bc54: ;   {runtime_call}
  0x00000231a014bc54: 0000 0048 | b8c0 195a | 1ff8 7f00 | 00ff d048 | 83c4 20f2 | 440f 10bc | 24c8 0000 | 00f2 440f 
  0x00000231a014bc74: 10b4 24c0 | 0000 00f2 | 440f 10ac | 24b8 0000 | 00f2 440f | 10a4 24b0 | 0000 00f2 | 440f 109c 
  0x00000231a014bc94: 24a8 0000 | 00f2 440f | 1094 24a0 | 0000 00f2 | 440f 108c | 2498 0000 | 00f2 440f | 1084 2490 
  0x00000231a014bcb4: 0000 00f2 | 0f10 bc24 | 8800 0000 | f20f 10b4 | 2480 0000 | 00f2 0f10 | 6c24 78f2 | 0f10 6424 
  0x00000231a014bcd4: 70f2 0f10 | 5c24 68f2 | 0f10 5424 | 60f2 0f10 | 4c24 58f2 | 0f10 4424 | 504c 8b5c | 2440 4c8b 
  0x00000231a014bcf4: 5424 384c | 8b4c 2430 | 4c8b 4424 | 2848 8b7c | 2420 488b | 7424 1848 | 8b54 2410 | 488b 4c24 
  0x00000231a014bd14: 0848 8b04 | 2448 81c4 | d000 0000 | 498b 8f28 | 0400 00c7 | 8100 0100 | 0000 0000 | 00c9 4983 
  0x00000231a014bd34: 7f08 000f | 8501 0000 

  0x00000231a014bd3c: ;   {runtime_call StubRoutines (initial stubs)}
  0x00000231a014bd3c: 00c3 e9bd | 51a2 ff48 | 8945 f84c | 8be4 4883 | ec20 4883 

  0x00000231a014bd50: ;   {runtime_call}
  0x00000231a014bd50: e4f0 48b8 | 30c3 9b1f | f87f 0000 | ffd0 498b | e44d 33e4 | 488b 45f8 | e929 fdff | fff4 f4f4 
[/MachCode]


Compiled method (c1) 6213 1295       3       java.lang.ClassLoader::defineClass (43 bytes)
 total in heap  [0x0000023198869d90,0x000002319886a6e0] = 2384
 relocation     [0x0000023198869ef0,0x0000023198869f90] = 160
 main code      [0x0000023198869fa0,0x000002319886a438] = 1176
 stub code      [0x000002319886a438,0x000002319886a4b0] = 120
 metadata       [0x000002319886a4b0,0x000002319886a4e0] = 48
 scopes data    [0x000002319886a4e0,0x000002319886a5d0] = 240
 scopes pcs     [0x000002319886a5d0,0x000002319886a6b0] = 224
 dependencies   [0x000002319886a6b0,0x000002319886a6b8] = 8
 nul chk table  [0x000002319886a6b8,0x000002319886a6e0] = 40

[Constant Pool (empty)]

[MachCode]
[Entry Point]
  # {method} {0x00000231ab437280} 'defineClass' '(Ljava/lang/String;[BIILjava/security/ProtectionDomain;)Ljava/lang/Class;' in 'java/lang/ClassLoader'
  # this:     rdx:rdx   = 'java/lang/ClassLoader'
  # parm0:    r8:r8     = 'java/lang/String'
  # parm1:    r9:r9     = '[B'
  # parm2:    rdi       = int
  # parm3:    rsi       = int
  # parm4:    rcx:rcx   = 'java/security/ProtectionDomain'
  #           [sp+0xc0]  (sp of caller)
  0x0000023198869fa0: 448b 5208 | 49bb 0000 | 00ab 3102 | 0000 4d03 | d34c 3bd0 

  0x0000023198869fb4: ;   {runtime_call ic_miss_stub}
  0x0000023198869fb4: 0f85 c647 | 3507 660f | 1f44 0000 
[Verified Entry Point]
  0x0000023198869fc0: 8984 2400 | 80ff ff55 | 4881 ecb0 | 0000 0090 | 4181 7f20 | 0100 0000 

  0x0000023198869fd8: ;   {runtime_call StubRoutines (final stubs)}
  0x0000023198869fd8: 7405 e8a1 | ab33 0748 | 8954 2478 

  0x0000023198869fe4: ;   {metadata(method data for {method} {0x00000231ab437280} 'defineClass' '(Ljava/lang/String;[BIILjava/security/ProtectionDomain;)Ljava/lang/Class;' in 'java/lang/ClassLoader')}
  0x0000023198869fe4: 48bb d05d | 27ec 3102 | 0000 8b83 | cc00 0000 | 83c0 0289 | 83cc 0000 | 0025 fe07 | 0000 85c0 
  0x000002319886a004: 0f84 5003 | 0000 89b4 | 2494 0000 | 0089 bc24 | 9000 0000 | 4c89 8c24 | 8800 0000 

  0x000002319886a020: ;   {metadata(method data for {method} {0x00000231ab437280} 'defineClass' '(Ljava/lang/String;[BIILjava/security/ProtectionDomain;)Ljava/lang/Class;' in 'java/lang/ClassLoader')}
  0x000002319886a020: 488b da48 | b8d0 5d27 | ec31 0200 | 0048 8380 | 1001 0000 | 0149 8bd8 | 4c8b c34c | 8bc9 488b 
  0x000002319886a040: ca48 8bd1 | 4889 9c24 | 8000 0000 

  0x000002319886a04c: ;   {optimized virtual_call}
  0x000002319886a04c: 6666 90e8 

  0x000002319886a050: ; ImmutableOopMap {[120]=Oop [128]=Oop [136]=Oop }
                      ;*invokevirtual preDefineClass {reexecute=0 rethrow=0 return_oop=0}
                      ; - java.lang.ClassLoader::defineClass@4 (line 1025)
  0x000002319886a050: cc44 feff 

  0x000002319886a054: ;   {other}
  0x000002319886a054: 0f1f 8400 | c402 0000 | 4889 8424 | 9800 0000 | 488b 5424 

  0x000002319886a068: ;   {metadata(method data for {method} {0x00000231ab437280} 'defineClass' '(Ljava/lang/String;[BIILjava/security/ProtectionDomain;)Ljava/lang/Class;' in 'java/lang/ClassLoader')}
  0x000002319886a068: 7849 b8d0 | 5d27 ec31 | 0200 0049 | 8380 4801 

  0x000002319886a078: ;   {metadata(method data for {method} {0x00000231ab436f68} 'defineClassSourceLocation' '(Ljava/security/ProtectionDomain;)Ljava/lang/String;' in 'java/lang/ClassLoader')}
  0x000002319886a078: 0000 0149 | b8f8 c527 | ec31 0200 | 0041 8b90 | cc00 0000 | 83c2 0241 | 8990 cc00 | 0000 81e2 
  0x000002319886a098: feff 1f00 | 85d2 0f84 | d702 0000 

  0x000002319886a0a4: ; implicit exception: dispatches to 0x000002319886a39c
  0x000002319886a0a4: 483b 004c 

  0x000002319886a0a8: ;   {metadata(method data for {method} {0x00000231ab436f68} 'defineClassSourceLocation' '(Ljava/security/ProtectionDomain;)Ljava/lang/String;' in 'java/lang/ClassLoader')}
  0x000002319886a0a8: 8bc0 48ba | f8c5 27ec | 3102 0000 | 4883 8210 | 0100 0001 | 448b 4010 

  0x000002319886a0c0: ;   {metadata(method data for {method} {0x00000231ab436f68} 'defineClassSourceLocation' '(Ljava/security/ProtectionDomain;)Ljava/lang/String;' in 'java/lang/ClassLoader')}
  0x000002319886a0c0: 4d85 c048 | baf8 c527 | ec31 0200 | 0048 c7c6 | 5801 0000 | 7507 48c7 | c648 0100 | 0048 8b3c 
  0x000002319886a0e0: 3248 8d7f | 0148 893c | 320f 850f 

  0x000002319886a0ec: ;   {oop(nullptr)}
  0x000002319886a0ec: 0000 0048 | bb00 0000 | 0000 0000 | 00e9 a101 | 0000 493b | 0049 8bd0 

  0x000002319886a104: ;   {metadata(method data for {method} {0x00000231ab436f68} 'defineClassSourceLocation' '(Ljava/security/ProtectionDomain;)Ljava/lang/String;' in 'java/lang/ClassLoader')}
  0x000002319886a104: 48be f8c5 | 27ec 3102 | 0000 4883 | 8668 0100 | 0001 418b | 500c 4885 

  0x000002319886a11c: ;   {metadata(method data for {method} {0x00000231ab436f68} 'defineClassSourceLocation' '(Ljava/security/ProtectionDomain;)Ljava/lang/String;' in 'java/lang/ClassLoader')}
  0x000002319886a11c: d248 bef8 | c527 ec31 | 0200 0048 | c7c7 b001 | 0000 7507 | 48c7 c7a0 | 0100 0048 | 8b1c 3e48 
  0x000002319886a13c: 8d5b 0148 | 891c 3e0f | 850f 0000 

  0x000002319886a148: ;   {oop(nullptr)}
  0x000002319886a148: 0048 bb00 | 0000 0000 | 0000 00e9 | 4701 0000 

  0x000002319886a158: ;   {metadata(method data for {method} {0x00000231ab436f68} 'defineClassSourceLocation' '(Ljava/security/ProtectionDomain;)Ljava/lang/String;' in 'java/lang/ClassLoader')}
  0x000002319886a158: 48be f8c5 | 27ec 3102 | 0000 4883 | 86c0 0100 | 0001 483b | 024c 8bc2 

  0x000002319886a170: ;   {metadata(method data for {method} {0x00000231ab436f68} 'defineClassSourceLocation' '(Ljava/security/ProtectionDomain;)Ljava/lang/String;' in 'java/lang/ClassLoader')}
  0x000002319886a170: 48be f8c5 | 27ec 3102 | 0000 4883 | 86f8 0100 

  0x000002319886a180: ;   {metadata(method data for {method} {0x00000231ab01ade8} 'toString' '()Ljava/lang/String;' in 'java/net/URL')}
  0x000002319886a180: 0001 49b8 | 20ba 14ec | 3102 0000 | 418b b0cc | 0000 0083 | c602 4189 | b0cc 0000 | 0081 e6fe 
  0x000002319886a1a0: ff1f 0085 | f60f 8400 | 0200 004c 

  0x000002319886a1ac: ;   {metadata(method data for {method} {0x00000231ab01ade8} 'toString' '()Ljava/lang/String;' in 'java/net/URL')}
  0x000002319886a1ac: 8bc2 48be | 20ba 14ec | 3102 0000 | 4883 8610 | 0100 0001 

  0x000002319886a1c0: ;   {metadata(method data for {method} {0x00000231ab42ab08} 'toExternalForm' '()Ljava/lang/String;' in 'java/net/URL')}
  0x000002319886a1c0: 49b8 a8bb | 14ec 3102 | 0000 418b | b0cc 0000 | 0083 c602 | 4189 b0cc | 0000 0081 | e6fe ff1f 
  0x000002319886a1e0: 0085 f60f | 84e3 0100 | 008b 7238 

  0x000002319886a1ec: ; implicit exception: dispatches to 0x000002319886a3ed
  0x000002319886a1ec: 483b 064c 

  0x000002319886a1f0: ;   {metadata(method data for {method} {0x00000231ab42ab08} 'toExternalForm' '()Ljava/lang/String;' in 'java/net/URL')}
  0x000002319886a1f0: 8bc6 48bf | a8bb 14ec | 3102 0000 | 458b 4008 | 49ba 0000 | 00ab 3102 | 0000 4d03 | c24c 3b87 
  0x000002319886a210: 2001 0000 | 750d 4883 | 8728 0100 | 0001 e960 | 0000 004c | 3b87 3001 | 0000 750d | 4883 8738 
  0x000002319886a230: 0100 0001 | e94a 0000 | 0048 83bf | 2001 0000 | 0075 174c | 8987 2001 | 0000 48c7 | 8728 0100 
  0x000002319886a250: 0001 0000 | 00e9 2900 | 0000 4883 | bf30 0100 | 0000 7517 | 4c89 8730 | 0100 0048 | c787 3801 
  0x000002319886a270: 0000 0100 | 0000 e908 | 0000 0048 | 8387 1001 | 0000 014c | 8bc2 488b | d666 0f1f 

  0x000002319886a28c: ;   {optimized virtual_call}
  0x000002319886a28c: 4400 00e8 

  0x000002319886a290: ; ImmutableOopMap {[120]=Oop [128]=Oop [136]=Oop [152]=Oop }
                      ;*invokevirtual toExternalForm {reexecute=0 rethrow=0 return_oop=0}
                      ; - java.net.URL::toExternalForm@5 (line 1203)
                      ; - java.net.URL::toString@1 (line 1189)
                      ; - java.lang.ClassLoader::defineClassSourceLocation@22 (line 927)
                      ; - java.lang.ClassLoader::defineClass@12 (line 1026)
  0x000002319886a290: 0c82 f5ff 

  0x000002319886a294: ;   {other}
  0x000002319886a294: 0f1f 8400 | 0405 0001 | 488b d848 | 8b84 2498 | 0000 008b | b424 9400 | 0000 8bbc | 2490 0000 
  0x000002319886a2b4: 004c 8b8c | 2488 0000 | 004c 8b84 | 2480 0000 | 0048 8b54 

  0x000002319886a2c8: ;   {metadata(method data for {method} {0x00000231ab437280} 'defineClass' '(Ljava/lang/String;[BIILjava/security/ProtectionDomain;)Ljava/lang/Class;' in 'java/lang/ClassLoader')}
  0x000002319886a2c8: 2478 48b9 | d05d 27ec | 3102 0000 | 4883 8180 | 0100 0001 | 4c8b da49 | 8bd3 488b | c848 891c 
  0x000002319886a2e8: 2466 0f1f 

  0x000002319886a2ec: ;   {static_call}
  0x000002319886a2ec: 4400 00e8 

  0x000002319886a2f0: ; ImmutableOopMap {[120]=Oop [152]=Oop }
                      ;*invokestatic defineClass1 {reexecute=0 rethrow=0 return_oop=0}
                      ; - java.lang.ClassLoader::defineClass@27 (line 1027)
  0x000002319886a2f0: ec15 8e07 

  0x000002319886a2f4: ;   {other}
  0x000002319886a2f4: 0f1f 8400 | 6405 0002 | 488b 5424 

  0x000002319886a300: ;   {metadata(method data for {method} {0x00000231ab437280} 'defineClass' '(Ljava/lang/String;[BIILjava/security/ProtectionDomain;)Ljava/lang/Class;' in 'java/lang/ClassLoader')}
  0x000002319886a300: 7849 b8d0 | 5d27 ec31 | 0200 0049 | 8380 9001 | 0000 014c | 8bc0 4c8b | 8c24 9800 | 0000 488b 
  0x000002319886a320: 5424 7848 | 8984 24a0 | 0000 000f 

  0x000002319886a32c: ;   {optimized virtual_call}
  0x000002319886a32c: 1f40 00e8 

  0x000002319886a330: ; ImmutableOopMap {[160]=Oop }
                      ;*invokevirtual postDefineClass {reexecute=0 rethrow=0 return_oop=0}
                      ; - java.lang.ClassLoader::defineClass@37 (line 1028)
  0x000002319886a330: 6c7d feff 

  0x000002319886a334: ;   {other}
  0x000002319886a334: 0f1f 8400 | a405 0003 | 488b 8424 | a000 0000 | 4881 c4b0 | 0000 005d 

  0x000002319886a34c: ;   {poll_return}
  0x000002319886a34c: 493b a748 | 0400 000f | 8799 0000 

  0x000002319886a358: ;   {metadata({method} {0x00000231ab437280} 'defineClass' '(Ljava/lang/String;[BIILjava/security/ProtectionDomain;)Ljava/lang/Class;' in 'java/lang/ClassLoader')}
  0x000002319886a358: 00c3 49ba | 7872 43ab | 3102 0000 | 4c89 5424 | 0848 c704 | 24ff ffff 

  0x000002319886a370: ;   {runtime_call counter_overflow Runtime1 stub}
  0x000002319886a370: ffe8 0ab7 

  0x000002319886a374: ; ImmutableOopMap {rdx=Oop r8=Oop r9=Oop rcx=Oop [120]=Oop }
                      ;*synchronization entry
                      ; - java.lang.ClassLoader::defineClass@-1 (line 1025)
  0x000002319886a374: 4107 e98f 

  0x000002319886a378: ;   {metadata({method} {0x00000231ab436f68} 'defineClassSourceLocation' '(Ljava/security/ProtectionDomain;)Ljava/lang/String;' in 'java/lang/ClassLoader')}
  0x000002319886a378: fcff ff49 | ba60 6f43 | ab31 0200 | 004c 8954 | 2408 48c7 | 0424 ffff 

  0x000002319886a390: ;   {runtime_call counter_overflow Runtime1 stub}
  0x000002319886a390: ffff e8e9 

  0x000002319886a394: ; ImmutableOopMap {rax=Oop [120]=Oop [128]=Oop [136]=Oop [152]=Oop }
                      ;*synchronization entry
                      ; - java.lang.ClassLoader::defineClassSourceLocation@-1 (line 924)
                      ; - java.lang.ClassLoader::defineClass@12 (line 1026)
  0x000002319886a394: b641 07e9 | 08fd ffff 

  0x000002319886a39c: ;   {runtime_call throw_null_pointer_exception Runtime1 stub}
  0x000002319886a39c: e8df a338 

  0x000002319886a3a0: ; ImmutableOopMap {rax=Oop [120]=Oop [128]=Oop [136]=Oop [152]=Oop }
                      ;*invokevirtual getCodeSource {reexecute=0 rethrow=0 return_oop=0}
                      ; - java.lang.ClassLoader::defineClassSourceLocation@1 (line 924)
                      ; - java.lang.ClassLoader::defineClass@12 (line 1026)
                      ;   {runtime_call throw_null_pointer_exception Runtime1 stub}
  0x000002319886a3a0: 07e8 daa3 

  0x000002319886a3a4: ; ImmutableOopMap {rax=Oop r8=Oop [120]=Oop [128]=Oop [136]=Oop [152]=Oop }
                      ;*invokevirtual getLocation {reexecute=0 rethrow=0 return_oop=0}
                      ; - java.lang.ClassLoader::defineClassSourceLocation@12 (line 926)
                      ; - java.lang.ClassLoader::defineClass@12 (line 1026)
                      ;   {runtime_call throw_null_pointer_exception Runtime1 stub}
  0x000002319886a3a4: 3807 e8d5 

  0x000002319886a3a8: ; ImmutableOopMap {rdx=Oop [120]=Oop [128]=Oop [136]=Oop [152]=Oop }
                      ;*invokevirtual toString {reexecute=0 rethrow=0 return_oop=0}
                      ; - java.lang.ClassLoader::defineClassSourceLocation@22 (line 927)
                      ; - java.lang.ClassLoader::defineClass@12 (line 1026)
                      ;   {metadata({method} {0x00000231ab01ade8} 'toString' '()Ljava/lang/String;' in 'java/net/URL')}
  0x000002319886a3a8: a338 0749 | bae0 ad01 | ab31 0200 | 004c 8954 | 2408 48c7 | 0424 ffff 

  0x000002319886a3c0: ;   {runtime_call counter_overflow Runtime1 stub}
  0x000002319886a3c0: ffff e8b9 

  0x000002319886a3c4: ; ImmutableOopMap {rdx=Oop [120]=Oop [128]=Oop [136]=Oop [152]=Oop }
                      ;*synchronization entry
                      ; - java.net.URL::toString@-1 (line 1189)
                      ; - java.lang.ClassLoader::defineClassSourceLocation@22 (line 927)
                      ; - java.lang.ClassLoader::defineClass@12 (line 1026)
  0x000002319886a3c4: b641 07e9 | dffd ffff 

  0x000002319886a3cc: ;   {metadata({method} {0x00000231ab42ab08} 'toExternalForm' '()Ljava/lang/String;' in 'java/net/URL')}
  0x000002319886a3cc: 49ba 00ab | 42ab 3102 | 0000 4c89 | 5424 0848 | c704 24ff 

  0x000002319886a3e0: ;   {runtime_call counter_overflow Runtime1 stub}
  0x000002319886a3e0: ffff ffe8 

  0x000002319886a3e4: ; ImmutableOopMap {rdx=Oop [120]=Oop [128]=Oop [136]=Oop [152]=Oop }
                      ;*synchronization entry
                      ; - java.net.URL::toExternalForm@-1 (line 1203)
                      ; - java.net.URL::toString@1 (line 1189)
                      ; - java.lang.ClassLoader::defineClassSourceLocation@22 (line 927)
                      ; - java.lang.ClassLoader::defineClass@12 (line 1026)
  0x000002319886a3e4: 98b6 4107 | e9fc fdff 

  0x000002319886a3ec: ;   {runtime_call throw_null_pointer_exception Runtime1 stub}
  0x000002319886a3ec: ffe8 8ea3 

  0x000002319886a3f0: ; ImmutableOopMap {rdx=Oop rsi=Oop [120]=Oop [128]=Oop [136]=Oop [152]=Oop }
                      ;*invokevirtual toExternalForm {reexecute=0 rethrow=0 return_oop=0}
                      ; - java.net.URL::toExternalForm@5 (line 1203)
                      ; - java.net.URL::toString@1 (line 1189)
                      ; - java.lang.ClassLoader::defineClassSourceLocation@22 (line 927)
                      ; - java.lang.ClassLoader::defineClass@12 (line 1026)
                      ;   {internal_word}
  0x000002319886a3f0: 3807 49ba | 4ca3 8698 | 3102 0000 | 4d89 9760 

  0x000002319886a400: ;   {runtime_call SafepointBlob}
  0x000002319886a400: 0400 00e9 | 78ae 3507 | 498b 87f8 | 0400 0049 | c787 f804 | 0000 0000 | 0000 49c7 | 8700 0500 
  0x000002319886a420: 0000 0000 | 0048 81c4 | b000 0000 

  0x000002319886a42c: ;   {runtime_call unwind_exception Runtime1 stub}
  0x000002319886a42c: 5de9 ce85 | 4107 f4f4 | f4f4 f4f4 
[Stub Code]
  0x000002319886a438: ;   {no_reloc}
  0x000002319886a438: 0f1f 4400 

  0x000002319886a43c: ;   {static_stub}
  0x000002319886a43c: 0048 bb00 | 0000 0000 

  0x000002319886a444: ;   {runtime_call nmethod}
  0x000002319886a444: 0000 00e9 | fbff ffff 

  0x000002319886a44c: ;   {static_stub}
  0x000002319886a44c: 48bb 0000 | 0000 0000 

  0x000002319886a454: ;   {runtime_call nmethod}
  0x000002319886a454: 0000 e9fb 

  0x000002319886a458: ;   {static_stub}
  0x000002319886a458: ffff ff48 | bb00 0000 | 0000 0000 

  0x000002319886a464: ;   {runtime_call nmethod}
  0x000002319886a464: 00e9 fbff 

  0x000002319886a468: ;   {static_stub}
  0x000002319886a468: ffff 48bb | 0000 0000 | 0000 0000 

  0x000002319886a474: ;   {runtime_call nmethod}
  0x000002319886a474: e9fb ffff 

  0x000002319886a478: ;   {runtime_call handle_exception_from_callee Runtime1 stub}
  0x000002319886a478: ffe8 0285 

  0x000002319886a47c: ;   {external_word}
  0x000002319886a47c: 3807 48b9 | 6003 c81f | f87f 0000 | 4883 e4f0 

  0x000002319886a48c: ;   {runtime_call}
  0x000002319886a48c: 48b8 2061 | 8a1f f87f | 0000 ffd0 

  0x000002319886a498: ;   {section_word}
  0x000002319886a498: f449 ba99 | a486 9831 | 0200 0041 

  0x000002319886a4a4: ;   {runtime_call DeoptimizationBlob}
  0x000002319886a4a4: 52e9 f6a6 | 3507 f4f4 | f4f4 f4f4 
[/MachCode]


Compiled method (c1) 6259 1221       3       java.security.SecureClassLoader::defineClass (16 bytes)
 total in heap  [0x000002319884c790,0x000002319884cb90] = 1024
 relocation     [0x000002319884c8f0,0x000002319884c940] = 80
 main code      [0x000002319884c940,0x000002319884ca98] = 344
 stub code      [0x000002319884ca98,0x000002319884cae8] = 80
 metadata       [0x000002319884cae8,0x000002319884caf0] = 8
 scopes data    [0x000002319884caf0,0x000002319884cb38] = 72
 scopes pcs     [0x000002319884cb38,0x000002319884cb88] = 80
 dependencies   [0x000002319884cb88,0x000002319884cb90] = 8

[Constant Pool (empty)]

[MachCode]
[Entry Point]
  # {method} {0x00000231ab04dfa8} 'defineClass' '(Ljava/lang/String;[BIILjava/security/CodeSource;)Ljava/lang/Class;' in 'java/security/SecureClassLoader'
  # this:     rdx:rdx   = 'java/security/SecureClassLoader'
  # parm0:    r8:r8     = 'java/lang/String'
  # parm1:    r9:r9     = '[B'
  # parm2:    rdi       = int
  # parm3:    rsi       = int
  # parm4:    rcx:rcx   = 'java/security/CodeSource'
  #           [sp+0x80]  (sp of caller)
  0x000002319884c940: 448b 5208 | 49bb 0000 | 00ab 3102 | 0000 4d03 | d34c 3bd0 

  0x000002319884c954: ;   {runtime_call ic_miss_stub}
  0x000002319884c954: 0f85 261e | 3707 660f | 1f44 0000 
[Verified Entry Point]
  0x000002319884c960: 8984 2400 | 80ff ff55 | 4883 ec70 | 4181 7f20 | 0100 0000 

  0x000002319884c974: ;   {runtime_call StubRoutines (final stubs)}
  0x000002319884c974: 7405 e805 

  0x000002319884c978: ;   {metadata(method data for {method} {0x00000231ab04dfa8} 'defineClass' '(Ljava/lang/String;[BIILjava/security/CodeSource;)Ljava/lang/Class;' in 'java/security/SecureClassLoader')}
  0x000002319884c978: 8235 0748 | bba8 711d | ec31 0200 | 008b 83cc | 0000 0083 | c002 8983 | cc00 0000 | 25fe 0700 
  0x000002319884c998: 0085 c00f | 8496 0000 | 0089 7424 | 5c89 7c24 | 584c 894c | 2450 4c89 | 4424 4848 

  0x000002319884c9b4: ;   {metadata(method data for {method} {0x00000231ab04dfa8} 'defineClass' '(Ljava/lang/String;[BIILjava/security/CodeSource;)Ljava/lang/Class;' in 'java/security/SecureClassLoader')}
  0x000002319884c9b4: 8bda 48b8 | a871 1dec | 3102 0000 | 4883 8010 | 0100 0001 | 4c8b c148 | 8bc2 488b | d048 8944 
  0x000002319884c9d4: ;   {optimized virtual_call}
  0x000002319884c9d4: 2440 90e8 

  0x000002319884c9d8: ; ImmutableOopMap {[64]=Oop [72]=Oop [80]=Oop }
                      ;*invokevirtual getProtectionDomain {reexecute=0 rethrow=0 return_oop=0}
                      ; - java.security.SecureClassLoader::defineClass@9 (line 150)
  0x000002319884c9d8: 4405 feff 

  0x000002319884c9dc: ;   {other}
  0x000002319884c9dc: 0f1f 8400 | 4c02 0000 | 488b 5424 

  0x000002319884c9e8: ;   {metadata(method data for {method} {0x00000231ab04dfa8} 'defineClass' '(Ljava/lang/String;[BIILjava/security/CodeSource;)Ljava/lang/Class;' in 'java/security/SecureClassLoader')}
  0x000002319884c9e8: 4049 b8a8 | 711d ec31 | 0200 0049 | 8380 4801 | 0000 014c | 8b44 2448 | 4c8b 4c24 | 508b 7c24 
  0x000002319884ca08: 588b 7424 | 5c48 8bc8 | 488b 5424 

  0x000002319884ca14: ;   {optimized virtual_call}
  0x000002319884ca14: 4066 90e8 

  0x000002319884ca18: ; ImmutableOopMap {}
                      ;*invokevirtual defineClass {reexecute=0 rethrow=0 return_oop=0}
                      ; - java.security.SecureClassLoader::defineClass@12 (line 150)
  0x000002319884ca18: a4d5 0100 

  0x000002319884ca1c: ;   {other}
  0x000002319884ca1c: 0f1f 8400 | 8c02 0001 | 4883 c470 

  0x000002319884ca28: ;   {poll_return}
  0x000002319884ca28: 5d49 3ba7 | 4804 0000 | 0f87 2200 

  0x000002319884ca34: ;   {metadata({method} {0x00000231ab04dfa8} 'defineClass' '(Ljava/lang/String;[BIILjava/security/CodeSource;)Ljava/lang/Class;' in 'java/security/SecureClassLoader')}
  0x000002319884ca34: 0000 c349 | baa0 df04 | ab31 0200 | 004c 8954 | 2408 48c7 | 0424 ffff 

  0x000002319884ca4c: ;   {runtime_call counter_overflow Runtime1 stub}
  0x000002319884ca4c: ffff e82d 

  0x000002319884ca50: ; ImmutableOopMap {rdx=Oop r8=Oop r9=Oop rcx=Oop }
                      ;*synchronization entry
                      ; - java.security.SecureClassLoader::defineClass@-1 (line 150)
  0x000002319884ca50: 9043 07e9 | 49ff ffff 

  0x000002319884ca58: ;   {internal_word}
  0x000002319884ca58: 49ba 29ca | 8498 3102 | 0000 4d89 | 9760 0400 

  0x000002319884ca68: ;   {runtime_call SafepointBlob}
  0x000002319884ca68: 00e9 1288 | 3707 498b | 87f8 0400 | 0049 c787 | f804 0000 | 0000 0000 | 49c7 8700 | 0500 0000 
  0x000002319884ca88: 0000 0048 | 83c4 705d 

  0x000002319884ca90: ;   {runtime_call unwind_exception Runtime1 stub}
  0x000002319884ca90: e96b 5f43 | 07f4 f4f4 
[Stub Code]
  0x000002319884ca98: ;   {no_reloc}
  0x000002319884ca98: 48bb 0000 | 0000 0000 

  0x000002319884caa0: ;   {runtime_call nmethod}
  0x000002319884caa0: 0000 e9fb 

  0x000002319884caa4: ;   {static_stub}
  0x000002319884caa4: ffff ff48 | bb78 7243 | ab31 0200 

  0x000002319884cab0: ;   {runtime_call I2C/C2I adapters}
  0x000002319884cab0: 00e9 bf45 

  0x000002319884cab4: ;   {runtime_call handle_exception_from_callee Runtime1 stub}
  0x000002319884cab4: 3607 e8c5 

  0x000002319884cab8: ;   {external_word}
  0x000002319884cab8: 5e3a 0748 | b960 03c8 | 1ff8 7f00 | 0048 83e4 

  0x000002319884cac8: ;   {runtime_call}
  0x000002319884cac8: f048 b820 | 618a 1ff8 | 7f00 00ff 

  0x000002319884cad4: ;   {section_word}
  0x000002319884cad4: d0f4 49ba | d6ca 8498 | 3102 0000 

  0x000002319884cae0: ;   {runtime_call DeoptimizationBlob}
  0x000002319884cae0: 4152 e9b9 | 8037 07f4 
[/MachCode]


---------------  P R O C E S S  ---------------

Threads class SMR info:
_java_thread_list=0x00000231f0dac0d0, length=15, elements={
0x000002318ff43b90, 0x00000231aadb2040, 0x00000231aadb3100, 0x00000231aadb79b0,
0x00000231aadb8400, 0x00000231aadb8e50, 0x00000231aadba040, 0x00000231aadbc4c0,
0x00000231aae26690, 0x00000231aad9c350, 0x00000231f04cc610, 0x00000231f034da80,
0x00000231f079e0f0, 0x00000231f072f570, 0x00000231f0ed1140
}

Java Threads: ( => current thread )
  0x000002318ff43b90 JavaThread "main"                              [_thread_blocked, id=1376, stack(0x0000003327000000,0x0000003327100000) (1024K)]
  0x00000231aadb2040 JavaThread "Reference Handler"          daemon [_thread_blocked, id=9648, stack(0x0000003327800000,0x0000003327900000) (1024K)]
  0x00000231aadb3100 JavaThread "Finalizer"                  daemon [_thread_blocked, id=11636, stack(0x0000003327900000,0x0000003327a00000) (1024K)]
  0x00000231aadb79b0 JavaThread "Signal Dispatcher"          daemon [_thread_blocked, id=8208, stack(0x0000003327a00000,0x0000003327b00000) (1024K)]
  0x00000231aadb8400 JavaThread "Attach Listener"            daemon [_thread_blocked, id=2900, stack(0x0000003327b00000,0x0000003327c00000) (1024K)]
  0x00000231aadb8e50 JavaThread "Service Thread"             daemon [_thread_blocked, id=5052, stack(0x0000003327c00000,0x0000003327d00000) (1024K)]
  0x00000231aadba040 JavaThread "Monitor Deflation Thread"   daemon [_thread_blocked, id=12900, stack(0x0000003327d00000,0x0000003327e00000) (1024K)]
  0x00000231aadbc4c0 JavaThread "C2 CompilerThread0"         daemon [_thread_blocked, id=14132, stack(0x0000003327e00000,0x0000003327f00000) (1024K)]
  0x00000231aae26690 JavaThread "C1 CompilerThread0"         daemon [_thread_blocked, id=12324, stack(0x0000003327f00000,0x0000003328000000) (1024K)]
  0x00000231aad9c350 JavaThread "Common-Cleaner"             daemon [_thread_blocked, id=13744, stack(0x0000003328000000,0x0000003328100000) (1024K)]
  0x00000231f04cc610 JavaThread "Monitor Ctrl-Break"         daemon [_thread_in_native, id=4852, stack(0x0000003328100000,0x0000003328200000) (1024K)]
  0x00000231f034da80 JavaThread "Notification Thread"        daemon [_thread_blocked, id=12544, stack(0x0000003328200000,0x0000003328300000) (1024K)]
  0x00000231f079e0f0 JavaThread "Thread-0"                          [_thread_blocked, id=13136, stack(0x0000003328600000,0x0000003328700000) (1024K)]
  0x00000231f072f570 JavaThread "restartedMain"                     [_thread_in_vm, id=12212, stack(0x0000003328700000,0x0000003328800000) (1024K)]
=>0x00000231f0ed1140 JavaThread "background-preinit"                [_thread_in_vm, id=9004, stack(0x0000003328800000,0x0000003328900000) (1024K)]
Total: 15

Other Threads:
  0x000002318fffe200 VMThread "VM Thread"                           [id=7364, stack(0x0000003327700000,0x0000003327800000) (1024K)]
  0x000002318ffeb6e0 WatcherThread "VM Periodic Task Thread"        [id=2084, stack(0x0000003327600000,0x0000003327700000) (1024K)]
  0x000002318ff7b990 WorkerThread "GC Thread#0"                     [id=13656, stack(0x0000003327100000,0x0000003327200000) (1024K)]
  0x00000231f075ad00 WorkerThread "GC Thread#1"                     [id=12856, stack(0x0000003328300000,0x0000003328400000) (1024K)]
  0x00000231f06bfab0 WorkerThread "GC Thread#2"                     [id=2480, stack(0x0000003328400000,0x0000003328500000) (1024K)]
  0x00000231f0894e70 WorkerThread "GC Thread#3"                     [id=6784, stack(0x0000003328500000,0x0000003328600000) (1024K)]
  0x000002318ff842f0 ConcurrentGCThread "G1 Main Marker"            [id=6248, stack(0x0000003327200000,0x0000003327300000) (1024K)]
  0x000002318ff84eb0 WorkerThread "G1 Conc#0"                       [id=8108, stack(0x0000003327300000,0x0000003327400000) (1024K)]
  0x000002318ffd8ac0 ConcurrentGCThread "G1 Refine#0"               [id=11648, stack(0x0000003327400000,0x0000003327500000) (1024K)]
  0x000002318ffd9e90 ConcurrentGCThread "G1 Service"                [id=13452, stack(0x0000003327500000,0x0000003327600000) (1024K)]
Total: 10

Threads with active compile tasks:
Total: 0

VM state: not at safepoint (normal execution)

VM Mutex/Monitor currently owned by a thread:  ([mutex/lock_event])
[0x00007ff81ff387c8] Metaspace_lock - owner thread: 0x00000231f0ed1140

OutOfMemory and StackOverflow Exception counts:
OutOfMemoryError java_heap_errors=1
LinkageErrors=59

Heap address: 0x00000000c3a00000, size: 966 MB, Compressed Oops mode: 32-bit

CDS archive(s) mapped at: [0x00000231ab000000-0x00000231abc80000-0x00000231abc80000), size 13107200, SharedBaseAddress: 0x00000231ab000000, ArchiveRelocationMode: 1.
Compressed class space mapped at: 0x00000231ac000000-0x00000231ec000000, reserved size: 1073741824
Narrow klass base: 0x00000231ab000000, Narrow klass shift: 0, Narrow klass range: 0x100000000

GC Precious Log:
 CardTable entry size: 512
 Card Set container configuration: InlinePtr #cards 5 size 8 Array Of Cards #cards 12 size 40 Howl #buckets 4 coarsen threshold 1843 Howl Bitmap #cards 512 size 80 coarsen threshold 460 Card regions per heap region 1 cards per card region 2048
 CPUs: 4 total, 4 available
 Memory: 3858M
 Large Page Support: Disabled
 NUMA Support: Disabled
 Compressed Oops: Enabled (32-bit)
 Heap Region Size: 1M
 Heap Min Capacity: 8M
 Heap Initial Capacity: 62M
 Heap Max Capacity: 966M
 Pre-touch: Disabled
 Parallel Workers: 4
 Concurrent Workers: 1
 Concurrent Refinement Workers: 4
 Periodic GC: Disabled

Heap:
 garbage-first heap   total 63488K, used 23403K [0x00000000c3a00000, 0x0000000100000000)
  region size 1024K, 18 young (18432K), 1 survivors (1024K)
 Metaspace       used 11297K, committed 11648K, reserved 1114112K
  class space    used 1427K, committed 1600K, reserved 1048576K

Heap Regions: E=young(eden), S=young(survivor), O=old, HS=humongous(starts), HC=humongous(continues), CS=collection set, F=free, TAMS=top-at-mark-start, PB=parsable bottom
|   0|0x00000000c3a00000, 0x00000000c3b00000, 0x00000000c3b00000|100%|HS|  |TAMS 0x00000000c3a00000| PB 0x00000000c3a00000| Complete 
|   1|0x00000000c3b00000, 0x00000000c3c00000, 0x00000000c3c00000|100%|HS|  |TAMS 0x00000000c3b00000| PB 0x00000000c3b00000| Complete 
|   2|0x00000000c3c00000, 0x00000000c3d00000, 0x00000000c3d00000|100%| O|  |TAMS 0x00000000c3c00000| PB 0x00000000c3c00000| Untracked 
|   3|0x00000000c3d00000, 0x00000000c3e00000, 0x00000000c3e00000|100%| O|  |TAMS 0x00000000c3d00000| PB 0x00000000c3d00000| Untracked 
|   4|0x00000000c3e00000, 0x00000000c3f00000, 0x00000000c3f00000|100%| O|  |TAMS 0x00000000c3e00000| PB 0x00000000c3e00000| Untracked 
|   5|0x00000000c3f00000, 0x00000000c4000000, 0x00000000c4000000|100%| O|  |TAMS 0x00000000c3f00000| PB 0x00000000c3f00000| Untracked 
|   6|0x00000000c4000000, 0x00000000c40e9660, 0x00000000c4100000| 91%| O|  |TAMS 0x00000000c4000000| PB 0x00000000c4000000| Untracked 
|   7|0x00000000c4100000, 0x00000000c4100000, 0x00000000c4200000|  0%| F|  |TAMS 0x00000000c4100000| PB 0x00000000c4100000| Untracked 
|   8|0x00000000c4200000, 0x00000000c4200000, 0x00000000c4300000|  0%| F|  |TAMS 0x00000000c4200000| PB 0x00000000c4200000| Untracked 
|   9|0x00000000c4300000, 0x00000000c4300000, 0x00000000c4400000|  0%| F|  |TAMS 0x00000000c4300000| PB 0x00000000c4300000| Untracked 
|  10|0x00000000c4400000, 0x00000000c4400000, 0x00000000c4500000|  0%| F|  |TAMS 0x00000000c4400000| PB 0x00000000c4400000| Untracked 
|  11|0x00000000c4500000, 0x00000000c4500000, 0x00000000c4600000|  0%| F|  |TAMS 0x00000000c4500000| PB 0x00000000c4500000| Untracked 
|  12|0x00000000c4600000, 0x00000000c4600000, 0x00000000c4700000|  0%| F|  |TAMS 0x00000000c4600000| PB 0x00000000c4600000| Untracked 
|  13|0x00000000c4700000, 0x00000000c4700000, 0x00000000c4800000|  0%| F|  |TAMS 0x00000000c4700000| PB 0x00000000c4700000| Untracked 
|  14|0x00000000c4800000, 0x00000000c4800000, 0x00000000c4900000|  0%| F|  |TAMS 0x00000000c4800000| PB 0x00000000c4800000| Untracked 
|  15|0x00000000c4900000, 0x00000000c4900000, 0x00000000c4a00000|  0%| F|  |TAMS 0x00000000c4900000| PB 0x00000000c4900000| Untracked 
|  16|0x00000000c4a00000, 0x00000000c4a00000, 0x00000000c4b00000|  0%| F|  |TAMS 0x00000000c4a00000| PB 0x00000000c4a00000| Untracked 
|  17|0x00000000c4b00000, 0x00000000c4b00000, 0x00000000c4c00000|  0%| F|  |TAMS 0x00000000c4b00000| PB 0x00000000c4b00000| Untracked 
|  18|0x00000000c4c00000, 0x00000000c4c00000, 0x00000000c4d00000|  0%| F|  |TAMS 0x00000000c4c00000| PB 0x00000000c4c00000| Untracked 
|  19|0x00000000c4d00000, 0x00000000c4d00000, 0x00000000c4e00000|  0%| F|  |TAMS 0x00000000c4d00000| PB 0x00000000c4d00000| Untracked 
|  20|0x00000000c4e00000, 0x00000000c4e00000, 0x00000000c4f00000|  0%| F|  |TAMS 0x00000000c4e00000| PB 0x00000000c4e00000| Untracked 
|  21|0x00000000c4f00000, 0x00000000c4f00000, 0x00000000c5000000|  0%| F|  |TAMS 0x00000000c4f00000| PB 0x00000000c4f00000| Untracked 
|  22|0x00000000c5000000, 0x00000000c5000000, 0x00000000c5100000|  0%| F|  |TAMS 0x00000000c5000000| PB 0x00000000c5000000| Untracked 
|  23|0x00000000c5100000, 0x00000000c5100000, 0x00000000c5200000|  0%| F|  |TAMS 0x00000000c5100000| PB 0x00000000c5100000| Untracked 
|  24|0x00000000c5200000, 0x00000000c5200000, 0x00000000c5300000|  0%| F|  |TAMS 0x00000000c5200000| PB 0x00000000c5200000| Untracked 
|  25|0x00000000c5300000, 0x00000000c5300000, 0x00000000c5400000|  0%| F|  |TAMS 0x00000000c5300000| PB 0x00000000c5300000| Untracked 
|  26|0x00000000c5400000, 0x00000000c5400000, 0x00000000c5500000|  0%| F|  |TAMS 0x00000000c5400000| PB 0x00000000c5400000| Untracked 
|  27|0x00000000c5500000, 0x00000000c5500000, 0x00000000c5600000|  0%| F|  |TAMS 0x00000000c5500000| PB 0x00000000c5500000| Untracked 
|  28|0x00000000c5600000, 0x00000000c5600000, 0x00000000c5700000|  0%| F|  |TAMS 0x00000000c5600000| PB 0x00000000c5600000| Untracked 
|  29|0x00000000c5700000, 0x00000000c5700000, 0x00000000c5800000|  0%| F|  |TAMS 0x00000000c5700000| PB 0x00000000c5700000| Untracked 
|  30|0x00000000c5800000, 0x00000000c5800000, 0x00000000c5900000|  0%| F|  |TAMS 0x00000000c5800000| PB 0x00000000c5800000| Untracked 
|  31|0x00000000c5900000, 0x00000000c5900000, 0x00000000c5a00000|  0%| F|  |TAMS 0x00000000c5900000| PB 0x00000000c5900000| Untracked 
|  32|0x00000000c5a00000, 0x00000000c5a00000, 0x00000000c5b00000|  0%| F|  |TAMS 0x00000000c5a00000| PB 0x00000000c5a00000| Untracked 
|  33|0x00000000c5b00000, 0x00000000c5b00000, 0x00000000c5c00000|  0%| F|  |TAMS 0x00000000c5b00000| PB 0x00000000c5b00000| Untracked 
|  34|0x00000000c5c00000, 0x00000000c5c00000, 0x00000000c5d00000|  0%| F|  |TAMS 0x00000000c5c00000| PB 0x00000000c5c00000| Untracked 
|  35|0x00000000c5d00000, 0x00000000c5d00000, 0x00000000c5e00000|  0%| F|  |TAMS 0x00000000c5d00000| PB 0x00000000c5d00000| Untracked 
|  36|0x00000000c5e00000, 0x00000000c5e00000, 0x00000000c5f00000|  0%| F|  |TAMS 0x00000000c5e00000| PB 0x00000000c5e00000| Untracked 
|  37|0x00000000c5f00000, 0x00000000c5f00000, 0x00000000c6000000|  0%| F|  |TAMS 0x00000000c5f00000| PB 0x00000000c5f00000| Untracked 
|  38|0x00000000c6000000, 0x00000000c6000000, 0x00000000c6100000|  0%| F|  |TAMS 0x00000000c6000000| PB 0x00000000c6000000| Untracked 
|  39|0x00000000c6100000, 0x00000000c6100000, 0x00000000c6200000|  0%| F|  |TAMS 0x00000000c6100000| PB 0x00000000c6100000| Untracked 
|  40|0x00000000c6200000, 0x00000000c6200000, 0x00000000c6300000|  0%| F|  |TAMS 0x00000000c6200000| PB 0x00000000c6200000| Untracked 
|  41|0x00000000c6300000, 0x00000000c6300000, 0x00000000c6400000|  0%| F|  |TAMS 0x00000000c6300000| PB 0x00000000c6300000| Untracked 
|  42|0x00000000c6400000, 0x00000000c6400000, 0x00000000c6500000|  0%| F|  |TAMS 0x00000000c6400000| PB 0x00000000c6400000| Untracked 
|  43|0x00000000c6500000, 0x00000000c6500000, 0x00000000c6600000|  0%| F|  |TAMS 0x00000000c6500000| PB 0x00000000c6500000| Untracked 
|  44|0x00000000c6600000, 0x00000000c6700000, 0x00000000c6700000|100%| E|  |TAMS 0x00000000c6600000| PB 0x00000000c6600000| Complete 
|  45|0x00000000c6700000, 0x00000000c6800000, 0x00000000c6800000|100%| E|CS|TAMS 0x00000000c6700000| PB 0x00000000c6700000| Complete 
|  46|0x00000000c6800000, 0x00000000c68f1740, 0x00000000c6900000| 94%| S|CS|TAMS 0x00000000c6800000| PB 0x00000000c6800000| Complete 
|  47|0x00000000c6900000, 0x00000000c6a00000, 0x00000000c6a00000|100%| E|CS|TAMS 0x00000000c6900000| PB 0x00000000c6900000| Complete 
|  48|0x00000000c6a00000, 0x00000000c6b00000, 0x00000000c6b00000|100%| E|  |TAMS 0x00000000c6a00000| PB 0x00000000c6a00000| Complete 
|  49|0x00000000c6b00000, 0x00000000c6c00000, 0x00000000c6c00000|100%| E|CS|TAMS 0x00000000c6b00000| PB 0x00000000c6b00000| Complete 
|  50|0x00000000c6c00000, 0x00000000c6d00000, 0x00000000c6d00000|100%| E|CS|TAMS 0x00000000c6c00000| PB 0x00000000c6c00000| Complete 
|  51|0x00000000c6d00000, 0x00000000c6e00000, 0x00000000c6e00000|100%| E|CS|TAMS 0x00000000c6d00000| PB 0x00000000c6d00000| Complete 
|  52|0x00000000c6e00000, 0x00000000c6f00000, 0x00000000c6f00000|100%| E|CS|TAMS 0x00000000c6e00000| PB 0x00000000c6e00000| Complete 
|  53|0x00000000c6f00000, 0x00000000c7000000, 0x00000000c7000000|100%| E|CS|TAMS 0x00000000c6f00000| PB 0x00000000c6f00000| Complete 
|  54|0x00000000c7000000, 0x00000000c7100000, 0x00000000c7100000|100%| E|CS|TAMS 0x00000000c7000000| PB 0x00000000c7000000| Complete 
|  55|0x00000000c7100000, 0x00000000c7200000, 0x00000000c7200000|100%| E|CS|TAMS 0x00000000c7100000| PB 0x00000000c7100000| Complete 
|  56|0x00000000c7200000, 0x00000000c7300000, 0x00000000c7300000|100%| E|CS|TAMS 0x00000000c7200000| PB 0x00000000c7200000| Complete 
|  57|0x00000000c7300000, 0x00000000c7400000, 0x00000000c7400000|100%| E|CS|TAMS 0x00000000c7300000| PB 0x00000000c7300000| Complete 
|  58|0x00000000c7400000, 0x00000000c7500000, 0x00000000c7500000|100%| E|CS|TAMS 0x00000000c7400000| PB 0x00000000c7400000| Complete 
|  59|0x00000000c7500000, 0x00000000c7600000, 0x00000000c7600000|100%| E|CS|TAMS 0x00000000c7500000| PB 0x00000000c7500000| Complete 
|  60|0x00000000c7600000, 0x00000000c7700000, 0x00000000c7700000|100%| E|CS|TAMS 0x00000000c7600000| PB 0x00000000c7600000| Complete 
|  61|0x00000000c7700000, 0x00000000c7800000, 0x00000000c7800000|100%| E|CS|TAMS 0x00000000c7700000| PB 0x00000000c7700000| Complete 

Card table byte_map: [0x00000231a7830000,0x00000231a7a20000] _byte_map_base: 0x00000231a7213000

Marking Bits: (CMBitMap*) 0x000002318ff7bfa0
 Bits: [0x00000231a7a20000, 0x00000231a8938000)

Polling page: 0x000002318f700000

Metaspace:

Usage:
  Non-class:      9.64 MB used.
      Class:      1.39 MB used.
       Both:     11.03 MB used.

Virtual space:
  Non-class space:       64.00 MB reserved,       9.81 MB ( 15%) committed,  1 nodes.
      Class space:        1.00 GB reserved,       1.56 MB ( <1%) committed,  1 nodes.
             Both:        1.06 GB reserved,      11.38 MB (  1%) committed. 

Chunk freelists:
   Non-Class:  6.05 MB
       Class:  14.39 MB
        Both:  20.44 MB

MaxMetaspaceSize: unlimited
CompressedClassSpaceSize: 1.00 GB
Initial GC threshold: 21.00 MB
Current GC threshold: 21.00 MB
CDS: on
 - commit_granule_bytes: 65536.
 - commit_granule_words: 8192.
 - virtual_space_node_default_size: 8388608.
 - enlarge_chunks_in_place: 1.
 - use_allocation_guard: 0.


Internal statistics:

num_allocs_failed_limit: 0.
num_arena_births: 386.
num_arena_deaths: 0.
num_vsnodes_births: 2.
num_vsnodes_deaths: 0.
num_space_committed: 182.
num_space_uncommitted: 0.
num_chunks_returned_to_freelist: 0.
num_chunks_taken_from_freelist: 803.
num_chunk_merges: 0.
num_chunk_splits: 487.
num_chunks_enlarged: 275.
num_inconsistent_stats: 0.

CodeHeap 'non-profiled nmethods': size=120000Kb used=684Kb max_used=684Kb free=119315Kb
 bounds [0x00000231a0110000, 0x00000231a0380000, 0x00000231a7640000]
CodeHeap 'profiled nmethods': size=120000Kb used=3610Kb max_used=3610Kb free=116389Kb
 bounds [0x0000023198640000, 0x00000231989d0000, 0x000002319fb70000]
CodeHeap 'non-nmethods': size=5760Kb used=1397Kb max_used=1421Kb free=4363Kb
 bounds [0x000002319fb70000, 0x000002319fde0000, 0x00000231a0110000]
CodeCache: size=245760Kb, used=5691Kb, max_used=5715Kb, free=240067Kb
 total_blobs=2455, nmethods=1965, adapters=395, full_count=0
Compilation: enabled, stopped_count=0, restarted_count=0

Compilation events (20 events):
Event: 6.076 Thread 0x00000231aadbc4c0 1938       4       java.lang.CharacterDataLatin1::toUpperCaseEx (71 bytes)
Event: 6.077 Thread 0x00000231aadbc4c0 nmethod 1938 0x00000231a01b8c90 code [0x00000231a01b8e20, 0x00000231a01b8f28]
Event: 6.078 Thread 0x00000231aadbc4c0 1925       4       java.lang.Character::toLowerCase (6 bytes)
Event: 6.079 Thread 0x00000231aadbc4c0 nmethod 1925 0x00000231a01b9010 code [0x00000231a01b91a0, 0x00000231a01b9268]
Event: 6.079 Thread 0x00000231aadbc4c0 1918       4       java.util.jar.Manifest$FastInputStream::peek (38 bytes)
Event: 6.081 Thread 0x00000231aadbc4c0 nmethod 1918 0x00000231a01b9390 code [0x00000231a01b9520, 0x00000231a01b9638]
Event: 6.089 Thread 0x00000231aadbc4c0 1959       4       java.io.WinNTFileSystem::normalize (143 bytes)
Event: 6.095 Thread 0x00000231aadbc4c0 nmethod 1959 0x00000231a01b9710 code [0x00000231a01b98e0, 0x00000231a01b9bb8]
Event: 6.099 Thread 0x00000231aadbc4c0 1960       4       jdk.internal.util.ArraysSupport::mismatch (103 bytes)
Event: 6.102 Thread 0x00000231aae26690 1962       1       java.lang.ClassLoader::getUnnamedModule (5 bytes)
Event: 6.102 Thread 0x00000231aae26690 nmethod 1962 0x00000231a01b9e90 code [0x00000231a01ba020, 0x00000231a01ba0e8]
Event: 6.105 Thread 0x00000231aadbc4c0 nmethod 1960 0x00000231a01ba190 code [0x00000231a01ba320, 0x00000231a01ba588]
Event: 6.105 Thread 0x00000231aadbc4c0 1961       4       java.lang.CharacterDataLatin1::equalsIgnoreCase (63 bytes)
Event: 6.106 Thread 0x00000231aadbc4c0 nmethod 1961 0x00000231a01ba710 code [0x00000231a01ba8a0, 0x00000231a01ba968]
Event: 6.106 Thread 0x00000231aadbc4c0 1963       4       jdk.internal.misc.Unsafe::allocateUninitializedArray (55 bytes)
Event: 6.108 Thread 0x00000231aadbc4c0 nmethod 1963 0x00000231a01baa10 code [0x00000231a01baba0, 0x00000231a01bad80]
Event: 6.113 Thread 0x00000231aae26690 1964       3       ch.qos.logback.classic.Logger::getChildByName (68 bytes)
Event: 6.114 Thread 0x00000231aae26690 nmethod 1964 0x00000231989c6190 code [0x00000231989c63a0, 0x00000231989c6940]
Event: 6.118 Thread 0x00000231aadbc4c0 1965       4       jdk.internal.misc.Unsafe::allocateUninitializedArray0 (90 bytes)
Event: 6.119 Thread 0x00000231aadbc4c0 nmethod 1965 0x00000231a01bae90 code [0x00000231a01bb020, 0x00000231a01bb1b0]

GC Heap History (4 events):
Event: 3.997 GC heap before
{Heap before GC invocations=0 (full 0):
 garbage-first heap   total 63488K, used 14336K [0x00000000c3a00000, 0x0000000100000000)
  region size 1024K, 13 young (13312K), 0 survivors (0K)
 Metaspace       used 3056K, committed 3200K, reserved 1114112K
  class space    used 315K, committed 384K, reserved 1048576K
}
Event: 4.009 GC heap after
{Heap after GC invocations=1 (full 0):
 garbage-first heap   total 63488K, used 6946K [0x00000000c3a00000, 0x0000000100000000)
  region size 1024K, 2 young (2048K), 2 survivors (2048K)
 Metaspace       used 3056K, committed 3200K, reserved 1114112K
  class space    used 315K, committed 384K, reserved 1048576K
}
Event: 4.882 GC heap before
{Heap before GC invocations=1 (full 0):
 garbage-first heap   total 63488K, used 20258K [0x00000000c3a00000, 0x0000000100000000)
  region size 1024K, 15 young (15360K), 2 survivors (2048K)
 Metaspace       used 6673K, committed 6912K, reserved 1114112K
  class space    used 775K, committed 896K, reserved 1048576K
}
Event: 4.888 GC heap after
{Heap after GC invocations=2 (full 0):
 garbage-first heap   total 63488K, used 8043K [0x00000000c3a00000, 0x0000000100000000)
  region size 1024K, 1 young (1024K), 1 survivors (1024K)
 Metaspace       used 6673K, committed 6912K, reserved 1114112K
  class space    used 775K, committed 896K, reserved 1048576K
}

Dll operation events (11 events):
Event: 0.040 Loaded shared library C:\Users\rache\.jdks\ms-21.0.8\bin\java.dll
Event: 0.131 Loaded shared library C:\Users\rache\.jdks\ms-21.0.8\bin\jsvml.dll
Event: 0.783 Loaded shared library C:\Users\rache\.jdks\ms-21.0.8\bin\zip.dll
Event: 0.793 Loaded shared library C:\Users\rache\.jdks\ms-21.0.8\bin\instrument.dll
Event: 0.807 Loaded shared library C:\Users\rache\.jdks\ms-21.0.8\bin\net.dll
Event: 0.812 Loaded shared library C:\Users\rache\.jdks\ms-21.0.8\bin\nio.dll
Event: 0.818 Loaded shared library C:\Users\rache\.jdks\ms-21.0.8\bin\zip.dll
Event: 3.444 Loaded shared library C:\Users\rache\.jdks\ms-21.0.8\bin\extnet.dll
Event: 3.561 Loaded shared library C:\Users\rache\.jdks\ms-21.0.8\bin\jimage.dll
Event: 4.258 Loaded shared library C:\Users\rache\.jdks\ms-21.0.8\bin\management.dll
Event: 4.271 Loaded shared library C:\Users\rache\.jdks\ms-21.0.8\bin\management_ext.dll

Deoptimization events (20 events):
Event: 6.108 Thread 0x00000231f0ed1140 Uncommon trap: trap_request=0xffffffde fr.pc=0x00000231a01bacc4 relative=0x0000000000000124
Event: 6.108 Thread 0x00000231f0ed1140 Uncommon trap: reason=class_check action=maybe_recompile pc=0x00000231a01bacc4 method=jdk.internal.misc.Unsafe.allocateUninitializedArray(Ljava/lang/Class;I)Ljava/lang/Object; @ 51 c2
Event: 6.108 Thread 0x00000231f0ed1140 DEOPT PACKING pc=0x00000231a01bacc4 sp=0x00000033288fb070
Event: 6.109 Thread 0x00000231f0ed1140 DEOPT UNPACKING pc=0x000002319fbc469c sp=0x00000033288fafe8 mode 2
Event: 6.109 Thread 0x00000231f0ed1140 Uncommon trap: trap_request=0xffffffde fr.pc=0x00000231a01bacc4 relative=0x0000000000000124
Event: 6.109 Thread 0x00000231f0ed1140 Uncommon trap: reason=class_check action=maybe_recompile pc=0x00000231a01bacc4 method=jdk.internal.misc.Unsafe.allocateUninitializedArray(Ljava/lang/Class;I)Ljava/lang/Object; @ 51 c2
Event: 6.109 Thread 0x00000231f0ed1140 DEOPT PACKING pc=0x00000231a01bacc4 sp=0x00000033288faa70
Event: 6.109 Thread 0x00000231f0ed1140 DEOPT UNPACKING pc=0x000002319fbc469c sp=0x00000033288fa9e8 mode 2
Event: 6.109 Thread 0x00000231f072f570 Uncommon trap: trap_request=0xffffffde fr.pc=0x00000231a01bacc4 relative=0x0000000000000124
Event: 6.109 Thread 0x00000231f072f570 Uncommon trap: reason=class_check action=maybe_recompile pc=0x00000231a01bacc4 method=jdk.internal.misc.Unsafe.allocateUninitializedArray(Ljava/lang/Class;I)Ljava/lang/Object; @ 51 c2
Event: 6.109 Thread 0x00000231f072f570 DEOPT PACKING pc=0x00000231a01bacc4 sp=0x00000033287fe3d0
Event: 6.109 Thread 0x00000231f072f570 DEOPT UNPACKING pc=0x000002319fbc469c sp=0x00000033287fe348 mode 2
Event: 6.109 Thread 0x00000231f0ed1140 Uncommon trap: trap_request=0xffffffde fr.pc=0x00000231a01bacc4 relative=0x0000000000000124
Event: 6.109 Thread 0x00000231f072f570 Uncommon trap: trap_request=0xffffffde fr.pc=0x00000231a01bacc4 relative=0x0000000000000124
Event: 6.109 Thread 0x00000231f0ed1140 Uncommon trap: reason=class_check action=maybe_recompile pc=0x00000231a01bacc4 method=jdk.internal.misc.Unsafe.allocateUninitializedArray(Ljava/lang/Class;I)Ljava/lang/Object; @ 51 c2
Event: 6.109 Thread 0x00000231f072f570 Uncommon trap: reason=class_check action=maybe_recompile pc=0x00000231a01bacc4 method=jdk.internal.misc.Unsafe.allocateUninitializedArray(Ljava/lang/Class;I)Ljava/lang/Object; @ 51 c2
Event: 6.109 Thread 0x00000231f0ed1140 DEOPT PACKING pc=0x00000231a01bacc4 sp=0x00000033288fac30
Event: 6.109 Thread 0x00000231f072f570 DEOPT PACKING pc=0x00000231a01bacc4 sp=0x00000033287fddd0
Event: 6.109 Thread 0x00000231f0ed1140 DEOPT UNPACKING pc=0x000002319fbc469c sp=0x00000033288faba8 mode 2
Event: 6.109 Thread 0x00000231f072f570 DEOPT UNPACKING pc=0x000002319fbc469c sp=0x00000033287fdd48 mode 2

Classes loaded (20 events):
Event: 6.088 Loading class com/sun/org/apache/xalan/internal/utils/FeaturePropertyBase$State
Event: 6.088 Loading class com/sun/org/apache/xalan/internal/utils/FeaturePropertyBase$State done
Event: 6.088 Loading class com/sun/org/apache/xalan/internal/utils/XMLSecurityPropertyManager$Property
Event: 6.088 Loading class com/sun/org/apache/xalan/internal/utils/XMLSecurityPropertyManager$Property done
Event: 6.088 Loading class jdk/xml/internal/XMLSecurityManager
Event: 6.089 Loading class jdk/xml/internal/XMLSecurityManager done
Event: 6.089 Loading class jdk/xml/internal/XMLSecurityManager$Limit
Event: 6.089 Loading class jdk/xml/internal/XMLSecurityManager$Limit done
Event: 6.089 Loading class jdk/xml/internal/XMLSecurityManager$Processor
Event: 6.089 Loading class jdk/xml/internal/XMLSecurityManager$Processor done
Event: 6.090 Loading class jdk/xml/internal/XMLSecurityManager$NameMap
Event: 6.090 Loading class jdk/xml/internal/XMLSecurityManager$NameMap done
Event: 6.090 Loading class jdk/xml/internal/JdkProperty
Event: 6.090 Loading class jdk/xml/internal/JdkProperty done
Event: 6.095 Loading class java/io/NotSerializableException
Event: 6.095 Loading class java/io/ObjectStreamException
Event: 6.095 Loading class java/io/ObjectStreamException done
Event: 6.095 Loading class java/io/NotSerializableException done
Event: 6.097 Loading class java/util/concurrent/CompletionException
Event: 6.097 Loading class java/util/concurrent/CompletionException done

Classes unloaded (0 events):
No events

Classes redefined (0 events):
No events

Internal exceptions (20 events):
Event: 5.357 Thread 0x00000231f072f570 Exception <a 'java/lang/NoSuchMethodError'{0x00000000c7221418}: 'int java.lang.invoke.DirectMethodHandle$Holder.invokeStaticInit(java.lang.Object, double, double)'> (0x00000000c7221418) 
thrown [s\src\hotspot\share\interpreter\linkResolver.cpp, line 773]
Event: 5.359 Thread 0x00000231f072f570 Exception <a 'java/lang/NoSuchMethodError'{0x00000000c7225c30}: 'int java.lang.invoke.DirectMethodHandle$Holder.invokeStatic(java.lang.Object, long)'> (0x00000000c7225c30) 
thrown [s\src\hotspot\share\interpreter\linkResolver.cpp, line 773]
Event: 5.380 Thread 0x00000231f072f570 Exception <a 'java/lang/NoSuchMethodError'{0x00000000c72483c8}: 'int java.lang.invoke.Invokers$Holder.linkToTargetMethod(java.lang.Object, java.lang.Object)'> (0x00000000c72483c8) 
thrown [s\src\hotspot\share\interpreter\linkResolver.cpp, line 773]
Event: 5.589 Thread 0x00000231f072f570 Exception <a 'java/lang/NoSuchMethodError'{0x00000000c7005b10}: 'java.lang.Object java.lang.invoke.DirectMethodHandle$Holder.invokeSpecial(java.lang.Object, java.lang.Object, java.lang.Object, int, java.lang.Object)'> (0x00000000c7005b10) 
thrown [s\src\hotspot\share\interpreter\linkResolver.cpp, line 773]
Event: 5.591 Thread 0x00000231f072f570 Exception <a 'java/lang/NoSuchMethodError'{0x00000000c700d4d8}: 'java.lang.Object java.lang.invoke.DirectMethodHandle$Holder.newInvokeSpecial(java.lang.Object, java.lang.Object, java.lang.Object, int, java.lang.Object)'> (0x00000000c700d4d8) 
thrown [s\src\hotspot\share\interpreter\linkResolver.cpp, line 773]
Event: 5.593 Thread 0x00000231f072f570 Exception <a 'java/lang/NoSuchMethodError'{0x00000000c7014aa0}: 'java.lang.Object java.lang.invoke.Invokers$Holder.linkToTargetMethod(java.lang.Object, java.lang.Object, int, java.lang.Object, java.lang.Object)'> (0x00000000c7014aa0) 
thrown [s\src\hotspot\share\interpreter\linkResolver.cpp, line 773]
Event: 5.598 Thread 0x00000231f072f570 Exception <a 'java/lang/NoSuchMethodError'{0x00000000c7024088}: 'java.lang.Object java.lang.invoke.DirectMethodHandle$Holder.newInvokeSpecial(java.lang.Object, int, java.lang.Object)'> (0x00000000c7024088) 
thrown [s\src\hotspot\share\interpreter\linkResolver.cpp, line 773]
Event: 5.599 Thread 0x00000231f072f570 Exception <a 'java/lang/NoSuchMethodError'{0x00000000c70289f8}: 'int java.lang.invoke.DirectMethodHandle$Holder.invokeSpecialIFC(java.lang.Object, java.lang.Object, java.lang.Object, java.lang.Object)'> (0x00000000c70289f8) 
thrown [s\src\hotspot\share\interpreter\linkResolver.cpp, line 773]
Event: 5.655 Thread 0x00000231f072f570 Exception <a 'java/lang/NoSuchMethodError'{0x00000000c70c4e78}: 'void java.lang.invoke.DirectMethodHandle$Holder.invokeInterface(java.lang.Object, java.lang.Object, java.lang.Object)'> (0x00000000c70c4e78) 
thrown [s\src\hotspot\share\interpreter\linkResolver.cpp, line 773]
Event: 5.716 Thread 0x00000231f072f570 Exception <a 'java/lang/NoSuchMethodError'{0x00000000c6f63a40}: 'void java.lang.invoke.DirectMethodHandle$Holder.invokeStaticInit(java.lang.Object, java.lang.Object, java.lang.Object)'> (0x00000000c6f63a40) 
thrown [s\src\hotspot\share\interpreter\linkResolver.cpp, line 773]
Event: 5.725 Thread 0x00000231f072f570 Exception <a 'java/lang/NoSuchMethodError'{0x00000000c6f9ab78}: 'java.lang.Object java.lang.invoke.DirectMethodHandle$Holder.invokeStaticInit(java.lang.Object, int)'> (0x00000000c6f9ab78) 
thrown [s\src\hotspot\share\interpreter\linkResolver.cpp, line 773]
Event: 5.729 Thread 0x00000231f072f570 Exception <a 'java/lang/NoSuchMethodError'{0x00000000c6fa4f60}: 'java.lang.Object java.lang.invoke.DirectMethodHandle$Holder.invokeStatic(java.lang.Object, int, java.lang.Object)'> (0x00000000c6fa4f60) 
thrown [s\src\hotspot\share\interpreter\linkResolver.cpp, line 773]
Event: 5.730 Thread 0x00000231f072f570 Exception <a 'java/lang/NoSuchMethodError'{0x00000000c6fa85f0}: 'java.lang.Object java.lang.invoke.DirectMethodHandle$Holder.invokeStaticInit(java.lang.Object, int, java.lang.Object)'> (0x00000000c6fa85f0) 
thrown [s\src\hotspot\share\interpreter\linkResolver.cpp, line 773]
Event: 5.741 Thread 0x00000231f072f570 Exception <a 'java/lang/NoSuchMethodError'{0x00000000c6fbd588}: 'java.lang.Object java.lang.invoke.DirectMethodHandle$Holder.invokeVirtual(java.lang.Object, java.lang.Object, java.lang.Object)'> (0x00000000c6fbd588) 
thrown [s\src\hotspot\share\interpreter\linkResolver.cpp, line 773]
Event: 5.787 Thread 0x00000231f072f570 Exception <a 'java/lang/NoSuchMethodError'{0x00000000c6e556f0}: 'void java.lang.invoke.DirectMethodHandle$Holder.invokeVirtual(java.lang.Object, java.lang.Object, java.lang.Object, java.lang.Object)'> (0x00000000c6e556f0) 
thrown [s\src\hotspot\share\interpreter\linkResolver.cpp, line 773]
Event: 5.970 Thread 0x00000231f0ed1140 Exception <a 'java/lang/NoClassDefFoundError'{0x00000000c6cb5d30}: jakarta/validation/Validation> (0x00000000c6cb5d30) 
thrown [s\src\hotspot\share\classfile\systemDictionary.cpp, line 301]
Event: 5.971 Thread 0x00000231f072f570 Exception <a 'java/lang/NoSuchMethodError'{0x00000000c6c9b7c0}: 'java.lang.Object java.lang.invoke.Invokers$Holder.invoke_MT(java.lang.Object, java.lang.Object, java.lang.Object, java.lang.Object, java.lang.Object, java.lang.Object, java.lang.Object, java.lang.Object, java.lang.Object)'> (0x00000000c6c9b7c0) 
thrown [s\src\hotspot\share\interpreter\linkResolver.cpp, line 773]
Event: 5.981 Thread 0x00000231f072f570 Exception <a 'java/lang/NoSuchMethodError'{0x00000000c6b10af8}: 'java.lang.reflect.Field[] java.lang.Class.getDeclaredFields(java.lang.Class)'> (0x00000000c6b10af8) 
thrown [s\src\hotspot\share\interpreter\linkResolver.cpp, line 773]
Event: 6.009 Thread 0x00000231f072f570 Exception <a 'java/lang/IncompatibleClassChangeError'{0x00000000c6bf0f60}: Found class java.lang.Object, but interface was expected> (0x00000000c6bf0f60) 
thrown [s\src\hotspot\share\interpreter\linkResolver.cpp, line 840]
Event: 6.127 Thread 0x00000231f072f570 Exception <a 'java/lang/OutOfMemoryError'{0x00000000c66ac650}> (0x00000000c66ac650) 
thrown [s\src\hotspot\share\prims\jni.cpp, line 539]

ZGC Phase Switch (0 events):
No events

VM Operations (20 events):
Event: 4.131 Executing VM operation: HandshakeAllThreads (Deoptimize)
Event: 4.131 Executing VM operation: HandshakeAllThreads (Deoptimize) done
Event: 4.131 Executing VM operation: HandshakeAllThreads (Deoptimize)
Event: 4.131 Executing VM operation: HandshakeAllThreads (Deoptimize) done
Event: 4.243 Executing VM operation: HandshakeAllThreads (Deoptimize)
Event: 4.244 Executing VM operation: HandshakeAllThreads (Deoptimize) done
Event: 4.612 Executing VM operation: HandshakeAllThreads (Deoptimize)
Event: 4.612 Executing VM operation: HandshakeAllThreads (Deoptimize) done
Event: 4.882 Executing VM operation: G1CollectForAllocation (G1 Evacuation Pause)
Event: 4.888 Executing VM operation: G1CollectForAllocation (G1 Evacuation Pause) done
Event: 5.314 Executing VM operation: HandshakeAllThreads (Deoptimize)
Event: 5.314 Executing VM operation: HandshakeAllThreads (Deoptimize) done
Event: 5.943 Executing VM operation: HandshakeAllThreads (Deoptimize)
Event: 5.943 Executing VM operation: HandshakeAllThreads (Deoptimize) done
Event: 5.943 Executing VM operation: Cleanup
Event: 5.943 Executing VM operation: Cleanup done
Event: 5.950 Executing VM operation: HandshakeAllThreads (Deoptimize)
Event: 5.950 Executing VM operation: HandshakeAllThreads (Deoptimize) done
Event: 5.951 Executing VM operation: HandshakeAllThreads (Deoptimize)
Event: 5.951 Executing VM operation: HandshakeAllThreads (Deoptimize) done

Memory protections (0 events):
No events

Nmethod flushes (0 events):
No events

Events (15 events):
Event: 0.078 Thread 0x000002318ff43b90 Thread added: 0x000002318ff43b90
Event: 0.124 Thread 0x000002318ff43b90 Thread added: 0x00000231aadb2040
Event: 0.124 Thread 0x000002318ff43b90 Thread added: 0x00000231aadb3100
Event: 0.126 Thread 0x000002318ff43b90 Thread added: 0x00000231aadb79b0
Event: 0.126 Thread 0x000002318ff43b90 Thread added: 0x00000231aadb8400
Event: 0.126 Thread 0x000002318ff43b90 Thread added: 0x00000231aadb8e50
Event: 0.126 Thread 0x000002318ff43b90 Thread added: 0x00000231aadba040
Event: 0.126 Thread 0x000002318ff43b90 Thread added: 0x00000231aadbc4c0
Event: 0.133 Thread 0x000002318ff43b90 Thread added: 0x00000231aae26690
Event: 0.720 Thread 0x000002318ff43b90 Thread added: 0x00000231aad9c350
Event: 3.424 Thread 0x000002318ff43b90 Thread added: 0x00000231f04cc610
Event: 3.425 Thread 0x000002318ff43b90 Thread added: 0x00000231f034da80
Event: 4.396 Thread 0x000002318ff43b90 Thread added: 0x00000231f079e0f0
Event: 4.416 Thread 0x00000231f079e0f0 Thread added: 0x00000231f072f570
Event: 5.964 Thread 0x00000231f072f570 Thread added: 0x00000231f0ed1140


Dynamic libraries:
0x00007ff6a9ef0000 - 0x00007ff6a9efe000 	C:\Users\rache\.jdks\ms-21.0.8\bin\java.exe
0x00007ff8c38f0000 - 0x00007ff8c3b07000 	C:\windows\SYSTEM32\ntdll.dll
0x00007ff8c2cd0000 - 0x00007ff8c2d94000 	C:\windows\System32\KERNEL32.DLL
0x00007ff8c0d50000 - 0x00007ff8c1122000 	C:\windows\System32\KERNELBASE.dll
0x00007ff8c0c30000 - 0x00007ff8c0d41000 	C:\windows\System32\ucrtbase.dll
0x00007ff8a7f50000 - 0x00007ff8a7f68000 	C:\Users\rache\.jdks\ms-21.0.8\bin\jli.dll
0x00007ff8c3010000 - 0x00007ff8c31c1000 	C:\windows\System32\USER32.dll
0x00007ff8a7f30000 - 0x00007ff8a7f4e000 	C:\Users\rache\.jdks\ms-21.0.8\bin\VCRUNTIME140.dll
0x00007ff8a3320000 - 0x00007ff8a35bb000 	C:\windows\WinSxS\amd64_microsoft.windows.common-controls_6595b64144ccf1df_6.0.22621.5547_none_27104afb73855772\COMCTL32.dll
0x00007ff8c2da0000 - 0x00007ff8c2e47000 	C:\windows\System32\msvcrt.dll
0x00007ff8c31d0000 - 0x00007ff8c31f9000 	C:\windows\System32\GDI32.dll
0x00007ff8c1310000 - 0x00007ff8c1433000 	C:\windows\System32\gdi32full.dll
0x00007ff8c1270000 - 0x00007ff8c130a000 	C:\windows\System32\msvcp_win.dll
0x00007ff8c0a60000 - 0x00007ff8c0a86000 	C:\windows\System32\win32u.dll
0x00007ff8c3800000 - 0x00007ff8c3831000 	C:\windows\System32\IMM32.DLL
0x00007ff8ba740000 - 0x00007ff8ba74c000 	C:\Users\rache\.jdks\ms-21.0.8\bin\vcruntime140_1.dll
0x00007ff8a7ea0000 - 0x00007ff8a7f29000 	C:\Users\rache\.jdks\ms-21.0.8\bin\msvcp140.dll
0x00007ff81f270000 - 0x00007ff82001c000 	C:\Users\rache\.jdks\ms-21.0.8\bin\server\jvm.dll
0x00007ff8c36a0000 - 0x00007ff8c3751000 	C:\windows\System32\ADVAPI32.dll
0x00007ff8c2c20000 - 0x00007ff8c2cc8000 	C:\windows\System32\sechost.dll
0x00007ff8c0a90000 - 0x00007ff8c0ab8000 	C:\windows\System32\bcrypt.dll
0x00007ff8c2b00000 - 0x00007ff8c2c14000 	C:\windows\System32\RPCRT4.dll
0x00007ff8c1760000 - 0x00007ff8c17d1000 	C:\windows\System32\WS2_32.dll
0x00007ff8c08b0000 - 0x00007ff8c08fd000 	C:\windows\SYSTEM32\POWRPROF.dll
0x00007ff8b9940000 - 0x00007ff8b9974000 	C:\windows\SYSTEM32\WINMM.dll
0x00007ff8b9080000 - 0x00007ff8b908a000 	C:\windows\SYSTEM32\VERSION.dll
0x00007ff8c0890000 - 0x00007ff8c08a3000 	C:\windows\SYSTEM32\UMPDC.dll
0x00007ff8bfa10000 - 0x00007ff8bfa28000 	C:\windows\SYSTEM32\kernel.appcore.dll
0x00007ff8ba5d0000 - 0x00007ff8ba5da000 	C:\Users\rache\.jdks\ms-21.0.8\bin\jimage.dll
0x00007ff8be390000 - 0x00007ff8be5c3000 	C:\windows\SYSTEM32\DBGHELP.DLL
0x00007ff8c32b0000 - 0x00007ff8c3643000 	C:\windows\System32\combase.dll
0x00007ff8c2230000 - 0x00007ff8c2307000 	C:\windows\System32\OLEAUT32.dll
0x00007ff8a25d0000 - 0x00007ff8a2602000 	C:\windows\SYSTEM32\dbgcore.DLL
0x00007ff8c1130000 - 0x00007ff8c11ab000 	C:\windows\System32\bcryptPrimitives.dll
0x00007ff8b9a20000 - 0x00007ff8b9a30000 	C:\Users\rache\.jdks\ms-21.0.8\bin\instrument.dll
0x00007ff8a7e70000 - 0x00007ff8a7e91000 	C:\Users\rache\.jdks\ms-21.0.8\bin\java.dll
0x00007ff8c1980000 - 0x00007ff8c2222000 	C:\windows\System32\SHELL32.dll
0x00007ff8c1440000 - 0x00007ff8c157f000 	C:\windows\System32\wintypes.dll
0x00007ff8be910000 - 0x00007ff8bf22d000 	C:\windows\SYSTEM32\windows.storage.dll
0x00007ff8c1650000 - 0x00007ff8c175c000 	C:\windows\System32\SHCORE.dll
0x00007ff8c15e0000 - 0x00007ff8c1649000 	C:\windows\System32\shlwapi.dll
0x00007ff8c0910000 - 0x00007ff8c093b000 	C:\windows\SYSTEM32\profapi.dll
0x00007ff8a7d90000 - 0x00007ff8a7e66000 	C:\Users\rache\.jdks\ms-21.0.8\bin\jsvml.dll
0x00007ff8a7d20000 - 0x00007ff8a7d38000 	C:\Users\rache\.jdks\ms-21.0.8\bin\zip.dll
0x00007ff8a7cc0000 - 0x00007ff8a7cd1000 	C:\Users\rache\.jdks\ms-21.0.8\bin\net.dll
0x00007ff8b9300000 - 0x00007ff8b942c000 	C:\windows\SYSTEM32\WINHTTP.dll
0x00007ff8bfe90000 - 0x00007ff8bfef9000 	C:\windows\system32\mswsock.dll
0x00007ff8a7ca0000 - 0x00007ff8a7cb6000 	C:\Users\rache\.jdks\ms-21.0.8\bin\nio.dll
0x00007ff8a7d10000 - 0x00007ff8a7d19000 	C:\Users\rache\.jdks\ms-21.0.8\bin\extnet.dll
0x00007ff8a7c90000 - 0x00007ff8a7c9a000 	C:\Users\rache\.jdks\ms-21.0.8\bin\management.dll
0x00007ff8a7c80000 - 0x00007ff8a7c8c000 	C:\Users\rache\.jdks\ms-21.0.8\bin\management_ext.dll
0x00007ff8c3760000 - 0x00007ff8c3768000 	C:\windows\System32\PSAPI.DLL

JVMTI agents:
C:\Program Files\JetBrains\IntelliJ IDEA Community Edition 2025.1.4.1\lib\idea_rt.jar path:C:\Users\rache\.jdks\ms-21.0.8\bin\instrument.dll, loaded, initialized, instrumentlib options:58642

dbghelp: loaded successfully - version: 4.0.5 - missing functions: none
symbol engine: initialized successfully - sym options: 0x614 - pdb path: .;C:\Users\rache\.jdks\ms-21.0.8\bin;C:\windows\SYSTEM32;C:\windows\WinSxS\amd64_microsoft.windows.common-controls_6595b64144ccf1df_6.0.22621.5547_none_27104afb73855772;C:\Users\rache\.jdks\ms-21.0.8\bin\server

VM Arguments:
jvm_args: -javaagent:C:\Program Files\JetBrains\IntelliJ IDEA Community Edition 2025.1.4.1\lib\idea_rt.jar=58642 -Dfile.encoding=UTF-8 -Dsun.stdout.encoding=UTF-8 -Dsun.stderr.encoding=UTF-8 
java_command: com.example.Drink_Local.DrinkLocalApplication
java_class_path (initial): C:\Users\rache\Desktop\launchcode\unit2 java\unit2-final-project-Nathan-F\Drink_Local\target\classes;C:\Users\rache\.m2\repository\org\springframework\boot\spring-boot-starter-data-jpa\3.5.6\spring-boot-starter-data-jpa-3.5.6.jar;C:\Users\rache\.m2\repository\org\springframework\boot\spring-boot-starter\3.5.6\spring-boot-starter-3.5.6.jar;C:\Users\rache\.m2\repository\org\springframework\boot\spring-boot-starter-logging\3.5.6\spring-boot-starter-logging-3.5.6.jar;C:\Users\rache\.m2\repository\ch\qos\logback\logback-classic\1.5.18\logback-classic-1.5.18.jar;C:\Users\rache\.m2\repository\ch\qos\logback\logback-core\1.5.18\logback-core-1.5.18.jar;C:\Users\rache\.m2\repository\org\apache\logging\log4j\log4j-to-slf4j\2.24.3\log4j-to-slf4j-2.24.3.jar;C:\Users\rache\.m2\repository\org\apache\logging\log4j\log4j-api\2.24.3\log4j-api-2.24.3.jar;C:\Users\rache\.m2\repository\org\slf4j\jul-to-slf4j\2.0.17\jul-to-slf4j-2.0.17.jar;C:\Users\rache\.m2\repository\jakarta\annotation\jakarta.annotation-api\2.1.1\jakarta.annotation-api-2.1.1.jar;C:\Users\rache\.m2\repository\org\yaml\snakeyaml\2.4\snakeyaml-2.4.jar;C:\Users\rache\.m2\repository\org\springframework\boot\spring-boot-starter-jdbc\3.5.6\spring-boot-starter-jdbc-3.5.6.jar;C:\Users\rache\.m2\repository\com\zaxxer\HikariCP\6.3.3\HikariCP-6.3.3.jar;C:\Users\rache\.m2\repository\org\springframework\spring-jdbc\6.2.11\spring-jdbc-6.2.11.jar;C:\Users\rache\.m2\repository\org\hibernate\orm\hibernate-core\6.6.29.Final\hibernate-core-6.6.29.Final.jar;C:\Users\rache\.m2\repository\jakarta\persistence\jakarta.persistence-api\3.1.0\jakarta.persistence-api-3.1.0.jar;C:\Users\rache\.m2\repository\jakarta\transaction\jakarta.transaction-api\2.0.1\jakarta.transaction-api-2.0.1.jar;C:\Users\rache\.m2\repository\org\jboss\logging\jboss-logging\3.6.1.Final\jboss-logging-3.6.1.Final.jar;C:\Users\rache\.m2\repository\org\hibernate\common\hibernate-commons-annotations\7.0.3.Final\hibernate-commons-annotations-7.0.3.Final.jar;C:\Users\rache\.m2\repository\io\smallrye\jandex\3.2.0\jandex-3.2.0.jar;C:\Users\rache\.m2\repository\com\fasterxml\classmate\1.7.0\classmate-1.7.0.jar;C:\Users\rache\.m2\repository\net\bytebuddy\byte-buddy\1.17.7\byte-buddy-1.17.7.jar;C:\Users\rache\.m2\repository\org\glassfish\jaxb\jaxb-runtime\4.0.5\jaxb-runtime-4.0.5.jar;C:\Users\rache\.m2\repository\org\glassfish\jaxb\jaxb-core\4.0.5\jaxb-core-4.0.5.jar;C:\Users\rache\.m2\repository\org\eclipse\angus\angus-activation\2.0.2\angus-activation-2.0.2.jar;C:\Users\rache\.m2\repository\org\glassfish\jaxb\txw2\4.0.5\txw2-4.0.5.jar;C:\Users\rache\.m2\repository\com\sun\istack\istack-commons-runtime\4.1.2\istack-commons-runtime-4.1.2.jar;C:\Users\rache\.m2\repository\jakarta\inject\jakarta.inject-api\2.0.1\jakarta.inject-api-2.0.1.jar;C:\Users\rache\.m2\repository\org\antlr\antlr4-runtime\4.13.0\antlr4-runtime-4.13.0.jar;C:\Users\rache\.m2\repository\org\springframework\data\spring-data-jpa\3.5.4\spring-data-jpa-3.5.4.jar;C:\Users\rache\.m2\repository\org\springframework\data\spring-data-commons\3.5.4\spring-data-commons-3.5.4.jar;C:\Users\rache\.m2\repository\org\springframework\spring-orm\6.2.11\spring-orm-6.2.11.jar;C:\Users\rache\.m2\repository\org\springframework\spring-context\6.2.11\spring-context-6.2.11.jar;C:\Users\rache\.m2\repository\org\springframework\spring-aop\6.2.11\spring-aop-6.2.11.jar;C:\Users\rache\.m2\repository\org\springframework\spring-tx\6.2.11\spring-tx-6.2.11.jar;C:\Users\rache\.m2\repository\org\springframework\spring-beans\6.2.11\spring-beans-6.2.11.jar;C:\Users\rache\.m2\repository\org\slf4j\slf4j-api\2.0.17\slf4j-api-2.0.17.jar;C:\Users\rache\.m2\repository\org\springframework\spring-aspects\6.2.11\spring-aspects-6.2.11.jar;C:\Users\rache\.m2\repository\org\aspectj\aspectjweaver\1.9.24\aspectjweaver-1.9.24.jar;C:\Users\rache\.m2\repository\org\springframework\boot\spring-boot-starter-data-rest\3.5.6\spring-boot-starter-data-rest-3.5.6.jar;C:\Users\rache\.m2\repository\org\springframework\data\spring-data-rest-webmvc\4.5.4\spring-data-rest-webmvc-4.5.4.jar;C:\Users\rache\.m2\repository\org\springframework\data\spring-data-rest-core\4.5.4\spring-data-rest-core-4.5.4.jar;C:\Users\rache\.m2\repository\org\springframework\hateoas\spring-hateoas\2.5.1\spring-hateoas-2.5.1.jar;C:\Users\rache\.m2\repository\org\springframework\plugin\spring-plugin-core\3.0.0\spring-plugin-core-3.0.0.jar;C:\Users\rache\.m2\repository\org\atteo\evo-inflector\1.3\evo-inflector-1.3.jar;C:\Users\rache\.m2\repository\com\fasterxml\jackson\core\jackson-databind\2.19.2\jackson-databind-2.19.2.jar;C:\Users\rache\.m2\repository\com\fasterxml\jackson\core\jackson-core\2.19.2\jackson-core-2.19.2.jar;C:\Users\rache\.m2\repository\com\fasterxml\jackson\core\jackson-annotations\2.19.2\jackson-annotations-2.19.2.jar;C:\Users\rache\.m2\repository\org\springframework\boot\spring-boot-starter-web\3.5.6\spring-boot-starter-web-3.5.6.jar;C:\Users\rache\.m2\repository\org\springframework\boot\spring-boot-starter-json\3.5.6\spring-boot-starter-json-3.5.6.jar;C:\Users\rache\.m2\repository\com\fasterxml\jackson\datatype\jackson-datatype-jdk8\2.19.2\jackson-datatype-jdk8-2.19.2.jar;C:\Users\rache\.m2\repository\com\fasterxml\jackson\datatype\jackson-datatype-jsr310\2.19.2\jackson-datatype-jsr310-2.19.2.jar;C:\Users\rache\.m2\repository\com\fasterxml\jackson\module\jackson-module-parameter-names\2.19.2\jackson-module-parameter-names-2.19.2.jar;C:\Users\rache\.m2\repository\org\springframework\boot\spring-boot-starter-tomcat\3.5.6\spring-boot-starter-tomcat-3.5.6.jar;C:\Users\rache\.m2\repository\org\apache\tomcat\embed\tomcat-embed-core\10.1.46\tomcat-embed-core-10.1.46.jar;C:\Users\rache\.m2\repository\org\apache\tomcat\embed\tomcat-embed-el\10.1.46\tomcat-embed-el-10.1.46.jar;C:\Users\rache\.m2\repository\org\apache\tomcat\embed\tomcat-embed-websocket\10.1.46\tomcat-embed-websocket-10.1.46.jar;C:\Users\rache\.m2\repository\org\springframework\spring-web\6.2.11\spring-web-6.2.11.jar;C:\Users\rache\.m2\repository\io\micrometer\micrometer-observation\1.15.4\micrometer-observation-1.15.4.jar;C:\Users\rache\.m2\repository\io\micrometer\micrometer-commons\1.15.4\micrometer-commons-1.15.4.jar;C:\Users\rache\.m2\repository\org\springframework\spring-webmvc\6.2.11\spring-webmvc-6.2.11.jar;C:\Users\rache\.m2\repository\org\springframework\spring-expression\6.2.11\spring-expression-6.2.11.jar;C:\Users\rache\.m2\repository\org\springframework\boot\spring-boot-devtools\3.5.6\spring-boot-devtools-3.5.6.jar;C:\Users\rache\.m2\repository\org\springframework\boot\spring-boot\3.5.6\spring-boot-3.5.6.jar;C:\Users\rache\.m2\repository\org\springframework\boot\spring-boot-autoconfigure\3.5.6\spring-boot-autoconfigure-3.5.6.jar;C:\Users\rache\.m2\repository\com\mysql\mysql-connector-j\9.4.0\mysql-connector-j-9.4.0.jar;C:\Users\rache\.m2\repository\org\projectlombok\lombok\1.18.40\lombok-1.18.40.jar;C:\Users\rache\.m2\repository\com\jayway\jsonpath\json-path\2.9.0\json-path-2.9.0.jar;C:\Users\rache\.m2\repository\jakarta\xml\bind\jakarta.xml.bind-api\4.0.2\jakarta.xml.bind-api-4.0.2.jar;C:\Users\rache\.m2\repository\jakarta\activation\jakarta.activation-api\2.1.4\jakarta.activation-api-2.1.4.jar;C:\Users\rache\.m2\repository\net\minidev\json-smart\2.5.2\json-smart-2.5.2.jar;C:\Users\rache\.m2\repository\net\minidev\accessors-smart\2.5.2\accessors-smart-2.5.2.jar;C:\Users\rache\.m2\repository\org\ow2\asm\asm\9.7.1\asm-9.7.1.jar;C:\Users\rache\.m2\repository\org\springframework\spring-core\6.2.11\spring-core-6.2.11.jar;C:\Users\rache\.m2\repository\org\springframework\spring-jcl\6.2.11\spring-jcl-6.2.11.jar
Launcher Type: SUN_STANDARD

[Global flags]
     intx CICompilerCount                          = 3                                         {product} {ergonomic}
     uint ConcGCThreads                            = 1                                         {product} {ergonomic}
     uint G1ConcRefinementThreads                  = 4                                         {product} {ergonomic}
   size_t G1HeapRegionSize                         = 1048576                                   {product} {ergonomic}
    uintx GCDrainStackTargetSize                   = 64                                        {product} {ergonomic}
   size_t InitialHeapSize                          = 65011712                                  {product} {ergonomic}
   size_t MarkStackSize                            = 4194304                                   {product} {ergonomic}
   size_t MaxHeapSize                              = 1012924416                                {product} {ergonomic}
   size_t MaxNewSize                               = 607125504                                 {product} {ergonomic}
   size_t MinHeapDeltaBytes                        = 1048576                                   {product} {ergonomic}
   size_t MinHeapSize                              = 8388608                                   {product} {ergonomic}
    uintx NonNMethodCodeHeapSize                   = 5832780                                {pd product} {ergonomic}
    uintx NonProfiledCodeHeapSize                  = 122912730                              {pd product} {ergonomic}
    uintx ProfiledCodeHeapSize                     = 122912730                              {pd product} {ergonomic}
    uintx ReservedCodeCacheSize                    = 251658240                              {pd product} {ergonomic}
     bool SegmentedCodeCache                       = true                                      {product} {ergonomic}
   size_t SoftMaxHeapSize                          = 1012924416                             {manageable} {ergonomic}
     bool UseCompressedOops                        = true                           {product lp64_product} {ergonomic}
     bool UseG1GC                                  = true                                      {product} {ergonomic}
     bool UseLargePagesIndividualAllocation        = false                                  {pd product} {ergonomic}

Logging:
Log output configuration:
 #0: stdout all=warning uptime,level,tags foldmultilines=false
 #1: stderr all=off uptime,level,tags foldmultilines=false

Environment Variables:
PATH=C:\Program Files\OpenLogic\jdk-17.0.16.8-hotspot\bin;C:\windows\system32;C:\windows;C:\windows\System32\Wbem;C:\windows\System32\WindowsPowerShell\v1.0\;C:\windows\System32\OpenSSH\;C:\Program Files\HP\HP One Agent;C:\Program Files\Git\cmd;C:\Program Files\nodejs\;C:\Users\rache\AppData\Local\Microsoft\WindowsApps;C:\Users\rache\AppData\Roaming\npm;C:\Users\rache\AppData\Local\Programs\Microsoft VS Code\bin
USERNAME=rache
OS=Windows_NT
PROCESSOR_IDENTIFIER=Intel64 Family 6 Model 122 Stepping 8, GenuineIntel
TMP=C:\Users\rache\AppData\Local\Temp
TEMP=C:\Users\rache\AppData\Local\Temp




Periodic native trim disabled

---------------  S Y S T E M  ---------------

OS:
 Windows 11 , 64 bit Build 22621 (10.0.22621.5415)
OS uptime: 0 days 3:41 hours

CPU: total 4 (initial active 4) (4 cores per cpu, 1 threads per core) family 6 model 122 stepping 8 microcode 0x24, cx8, cmov, fxsr, mmx, 3dnowpref, sse, sse2, sse3, ssse3, sse4.1, sse4.2, popcnt, tsc, tscinvbit, aes, erms, clmul, sha, clflush, clflushopt, rdtscp, rdpid
Processor Information for the first 4 processors :
  Max Mhz: 1101, Current Mhz: 1101, Mhz Limit: 1101

Memory: 4k page, system-wide physical 3858M (207M free)
TotalPageFile size 11172M (AvailPageFile size 2M)
current process WorkingSet (physical memory assigned to process): 89M, peak: 89M
current process commit charge ("private bytes"): 159M, peak: 160M

vm_info: OpenJDK 64-Bit Server VM (21.0.8+9-LTS) for windows-amd64 JRE (21.0.8+9-LTS), built on 2025-07-10T20:22:44Z by "MicrosoftCorporation" with unknown MS VC++:1944

END.
