#
# There is insufficient memory for the Java Runtime Environment to continue.
# Native memory allocation (malloc) failed to allocate 32744 bytes. Error detail: Chunk::new
# Possible reasons:
#   The system is out of physical RAM or swap space
#   This process is running with CompressedOops enabled, and the Java Heap may be blocking the growth of the native heap
# Possible solutions:
#   Reduce memory load on the system
#   Increase physical memory or swap space
#   Check if swap backing store is full
#   Decrease Java heap size (-Xmx/-Xms)
#   Decrease number of Java threads
#   Decrease Java thread stack sizes (-Xss)
#   Set larger code cache with -XX:ReservedCodeCacheSize=
#   JVM is running with Unscaled Compressed Oops mode in which the Java heap is
#     placed in the first 4GB address space. The Java Heap base address is the
#     maximum limit for the native heap growth. Please use -XX:HeapBaseMinAddress
#     to set the Java Heap base and to place the Java Heap above 4GB virtual address.
# This output file may be truncated or incomplete.
#
#  Out of Memory Error (arena.cpp:168), pid=14244, tid=6188
#
# JRE version: OpenJDK Runtime Environment Microsoft-11933218 (21.0.8+9) (build 21.0.8+9-LTS)
# Java VM: OpenJDK 64-Bit Server VM Microsoft-11933218 (21.0.8+9-LTS, mixed mode, sharing, tiered, compressed oops, compressed class ptrs, g1 gc, windows-amd64)
# No core dump will be written. Minidumps are not enabled by default on client versions of Windows
#

---------------  S U M M A R Y ------------

Command Line: -javaagent:C:\Program Files\JetBrains\IntelliJ IDEA Community Edition 2025.1.4.1\lib\idea_rt.jar=56117 -Dfile.encoding=UTF-8 -Dsun.stdout.encoding=UTF-8 -Dsun.stderr.encoding=UTF-8 com.example.Drink_Local.DrinkLocalApplication

Host: Intel(R) Celeron(R) N4120 CPU @ 1.10GHz, 4 cores, 3G,  Windows 11 , 64 bit Build 22621 (10.0.22621.5415)
Time: Fri Nov  7 10:47:34 2025 Central Standard Time elapsed time: 15.034157 seconds (0d 0h 0m 15s)

---------------  T H R E A D  ---------------

Current thread (0x0000025538a97490):  JavaThread "C2 CompilerThread0" daemon [_thread_in_native, id=6188, stack(0x0000007efed00000,0x0000007efee00000) (1024K)]


Current CompileTask:
C2:15034 4166   !   4       org.springframework.core.annotation.AnnotationsScanner::processClassHierarchy (234 bytes)

Stack: [0x0000007efed00000,0x0000007efee00000]
Native frames: (J=compiled Java code, j=interpreted, Vv=VM code, C=native code)
V  [jvm.dll+0x6e1729]
V  [jvm.dll+0x8bf47b]
V  [jvm.dll+0x8c19aa]
V  [jvm.dll+0x8c2083]
V  [jvm.dll+0x289fd6]
V  [jvm.dll+0xc903d]
V  [jvm.dll+0xc958c]
V  [jvm.dll+0x70d8c1]
V  [jvm.dll+0x1ea67e]
V  [jvm.dll+0x251db3]
V  [jvm.dll+0x251283]
V  [jvm.dll+0x1d18bf]
V  [jvm.dll+0x260f4a]
V  [jvm.dll+0x25f2b5]
V  [jvm.dll+0x40151d]
V  [jvm.dll+0x86975d]
V  [jvm.dll+0x6dff2d]
C  [ucrtbase.dll+0x29333]
C  [KERNEL32.DLL+0x1259d]
C  [ntdll.dll+0x5af78]


---------------  P R O C E S S  ---------------

Threads class SMR info:
_java_thread_list=0x00000255000b08f0, length=18, elements={
0x000002551dc24830, 0x0000025538a88050, 0x0000025538a88f60, 0x0000025538a8d6b0,
0x0000025538a8e100, 0x0000025538a8eb50, 0x0000025538a8f6d0, 0x0000025538a97490,
0x0000025538ac2350, 0x0000025538b4e430, 0x0000025538f222c0, 0x0000025538ee5820,
0x000002557e23c160, 0x000002557e7fdd70, 0x0000025538b2c190, 0x0000025500a2d860,
0x0000025500392d40, 0x000002557f74f170
}

Java Threads: ( => current thread )
  0x000002551dc24830 JavaThread "main"                              [_thread_blocked, id=9036, stack(0x0000007efdf00000,0x0000007efe000000) (1024K)]
  0x0000025538a88050 JavaThread "Reference Handler"          daemon [_thread_blocked, id=11384, stack(0x0000007efe700000,0x0000007efe800000) (1024K)]
  0x0000025538a88f60 JavaThread "Finalizer"                  daemon [_thread_blocked, id=5912, stack(0x0000007efe800000,0x0000007efe900000) (1024K)]
  0x0000025538a8d6b0 JavaThread "Signal Dispatcher"          daemon [_thread_blocked, id=14308, stack(0x0000007efe900000,0x0000007efea00000) (1024K)]
  0x0000025538a8e100 JavaThread "Attach Listener"            daemon [_thread_blocked, id=10860, stack(0x0000007efea00000,0x0000007efeb00000) (1024K)]
  0x0000025538a8eb50 JavaThread "Service Thread"             daemon [_thread_blocked, id=14068, stack(0x0000007efeb00000,0x0000007efec00000) (1024K)]
  0x0000025538a8f6d0 JavaThread "Monitor Deflation Thread"   daemon [_thread_blocked, id=8720, stack(0x0000007efec00000,0x0000007efed00000) (1024K)]
=>0x0000025538a97490 JavaThread "C2 CompilerThread0"         daemon [_thread_in_native, id=6188, stack(0x0000007efed00000,0x0000007efee00000) (1024K)]
  0x0000025538ac2350 JavaThread "C1 CompilerThread0"         daemon [_thread_blocked, id=13740, stack(0x0000007efee00000,0x0000007efef00000) (1024K)]
  0x0000025538b4e430 JavaThread "Common-Cleaner"             daemon [_thread_blocked, id=9048, stack(0x0000007efef00000,0x0000007eff000000) (1024K)]
  0x0000025538f222c0 JavaThread "Monitor Ctrl-Break"         daemon [_thread_in_native, id=7008, stack(0x0000007eff000000,0x0000007eff100000) (1024K)]
  0x0000025538ee5820 JavaThread "Notification Thread"        daemon [_thread_blocked, id=9032, stack(0x0000007eff100000,0x0000007eff200000) (1024K)]
  0x000002557e23c160 JavaThread "Thread-0"                          [_thread_blocked, id=2304, stack(0x0000007eff500000,0x0000007eff600000) (1024K)]
  0x000002557e7fdd70 JavaThread "restartedMain"                     [_thread_in_vm, id=6460, stack(0x0000007eff600000,0x0000007eff700000) (1024K)]
  0x0000025538b2c190 JavaThread "Catalina-utility-1"                [_thread_blocked, id=7104, stack(0x0000007eff700000,0x0000007eff800000) (1024K)]
  0x0000025500a2d860 JavaThread "Catalina-utility-2"                [_thread_blocked, id=11004, stack(0x0000007eff800000,0x0000007eff900000) (1024K)]
  0x0000025500392d40 JavaThread "container-0"                       [_thread_blocked, id=7668, stack(0x0000007eff900000,0x0000007effa00000) (1024K)]
  0x000002557f74f170 JavaThread "mysql-cj-abandoned-connection-cleanup" daemon [_thread_blocked, id=10568, stack(0x0000007effa00000,0x0000007effb00000) (1024K)]
Total: 18

Other Threads:
  0x0000025538a736d0 VMThread "VM Thread"                           [id=9720, stack(0x0000007efe600000,0x0000007efe700000) (1024K)]
  0x0000025538a6ced0 WatcherThread "VM Periodic Task Thread"        [id=5016, stack(0x0000007efe500000,0x0000007efe600000) (1024K)]
  0x000002551dc5a7d0 WorkerThread "GC Thread#0"                     [id=2272, stack(0x0000007efe000000,0x0000007efe100000) (1024K)]
  0x000002557e20a8e0 WorkerThread "GC Thread#1"                     [id=12804, stack(0x0000007eff200000,0x0000007eff300000) (1024K)]
  0x000002557e38e120 WorkerThread "GC Thread#2"                     [id=12552, stack(0x0000007eff300000,0x0000007eff400000) (1024K)]
  0x000002557e38e4c0 WorkerThread "GC Thread#3"                     [id=13540, stack(0x0000007eff400000,0x0000007eff500000) (1024K)]
  0x000002551dc63220 ConcurrentGCThread "G1 Main Marker"            [id=10368, stack(0x0000007efe100000,0x0000007efe200000) (1024K)]
  0x000002551dc63d20 WorkerThread "G1 Conc#0"                       [id=4128, stack(0x0000007efe200000,0x0000007efe300000) (1024K)]
  0x000002551dcc2830 ConcurrentGCThread "G1 Refine#0"               [id=2936, stack(0x0000007efe300000,0x0000007efe400000) (1024K)]
  0x000002551dcc33a0 ConcurrentGCThread "G1 Service"                [id=9964, stack(0x0000007efe400000,0x0000007efe500000) (1024K)]
Total: 10

Threads with active compile tasks:
C2 CompilerThread0  15077 4166   !   4       org.springframework.core.annotation.AnnotationsScanner::processClassHierarchy (234 bytes)
Total: 1

VM state: not at safepoint (normal execution)

VM Mutex/Monitor currently owned by a thread: None

Heap address: 0x00000000c3a00000, size: 966 MB, Compressed Oops mode: 32-bit

CDS archive(s) mapped at: [0x0000025539000000-0x0000025539c80000-0x0000025539c80000), size 13107200, SharedBaseAddress: 0x0000025539000000, ArchiveRelocationMode: 1.
Compressed class space mapped at: 0x000002553a000000-0x000002557a000000, reserved size: 1073741824
Narrow klass base: 0x0000025539000000, Narrow klass shift: 0, Narrow klass range: 0x100000000

GC Precious Log:
 CardTable entry size: 512
 Card Set container configuration: InlinePtr #cards 5 size 8 Array Of Cards #cards 12 size 40 Howl #buckets 4 coarsen threshold 1843 Howl Bitmap #cards 512 size 80 coarsen threshold 460 Card regions per heap region 1 cards per card region 2048
 CPUs: 4 total, 4 available
 Memory: 3858M
 Large Page Support: Disabled
 NUMA Support: Disabled
 Compressed Oops: Enabled (32-bit)
 Heap Region Size: 1M
 Heap Min Capacity: 8M
 Heap Initial Capacity: 62M
 Heap Max Capacity: 966M
 Pre-touch: Disabled
 Parallel Workers: 4
 Concurrent Workers: 1
 Concurrent Refinement Workers: 4
 Periodic GC: Disabled

Heap:
 garbage-first heap   total 51200K, used 29670K [0x00000000c3a00000, 0x0000000100000000)
  region size 1024K, 15 young (15360K), 3 survivors (3072K)
 Metaspace       used 33079K, committed 33664K, reserved 1114112K
  class space    used 4225K, committed 4480K, reserved 1048576K

Heap Regions: E=young(eden), S=young(survivor), O=old, HS=humongous(starts), HC=humongous(continues), CS=collection set, F=free, TAMS=top-at-mark-start, PB=parsable bottom
|   0|0x00000000c3a00000, 0x00000000c3b00000, 0x00000000c3b00000|100%|HS|  |TAMS 0x00000000c3a00000| PB 0x00000000c3a00000| Complete 
|   1|0x00000000c3b00000, 0x00000000c3c00000, 0x00000000c3c00000|100%|HS|  |TAMS 0x00000000c3b00000| PB 0x00000000c3b00000| Complete 
|   2|0x00000000c3c00000, 0x00000000c3d00000, 0x00000000c3d00000|100%| O|  |TAMS 0x00000000c3c00000| PB 0x00000000c3c00000| Untracked 
|   3|0x00000000c3d00000, 0x00000000c3e00000, 0x00000000c3e00000|100%| O|  |TAMS 0x00000000c3d00000| PB 0x00000000c3d00000| Untracked 
|   4|0x00000000c3e00000, 0x00000000c3f00000, 0x00000000c3f00000|100%| O|  |TAMS 0x00000000c3e00000| PB 0x00000000c3e00000| Untracked 
|   5|0x00000000c3f00000, 0x00000000c4000000, 0x00000000c4000000|100%| O|  |TAMS 0x00000000c3f00000| PB 0x00000000c3f00000| Untracked 
|   6|0x00000000c4000000, 0x00000000c4100000, 0x00000000c4100000|100%| O|  |TAMS 0x00000000c4000000| PB 0x00000000c4000000| Untracked 
|   7|0x00000000c4100000, 0x00000000c4200000, 0x00000000c4200000|100%| O|  |TAMS 0x00000000c4100000| PB 0x00000000c4100000| Untracked 
|   8|0x00000000c4200000, 0x00000000c4300000, 0x00000000c4300000|100%| O|  |TAMS 0x00000000c4200000| PB 0x00000000c4200000| Untracked 
|   9|0x00000000c4300000, 0x00000000c4400000, 0x00000000c4400000|100%| O|  |TAMS 0x00000000c4300000| PB 0x00000000c4300000| Untracked 
|  10|0x00000000c4400000, 0x00000000c4500000, 0x00000000c4500000|100%| O|  |TAMS 0x00000000c4400000| PB 0x00000000c4400000| Untracked 
|  11|0x00000000c4500000, 0x00000000c4600000, 0x00000000c4600000|100%| O|  |TAMS 0x00000000c4500000| PB 0x00000000c4500000| Untracked 
|  12|0x00000000c4600000, 0x00000000c4700000, 0x00000000c4700000|100%| O|  |TAMS 0x00000000c4600000| PB 0x00000000c4600000| Untracked 
|  13|0x00000000c4700000, 0x00000000c4700000, 0x00000000c4800000|  0%| F|  |TAMS 0x00000000c4700000| PB 0x00000000c4700000| Untracked 
|  14|0x00000000c4800000, 0x00000000c4900000, 0x00000000c4900000|100%| O|  |TAMS 0x00000000c4800000| PB 0x00000000c4800000| Untracked 
|  15|0x00000000c4900000, 0x00000000c4a00000, 0x00000000c4a00000|100%| O|  |TAMS 0x00000000c4900000| PB 0x00000000c4900000| Untracked 
|  16|0x00000000c4a00000, 0x00000000c4a00000, 0x00000000c4b00000|  0%| F|  |TAMS 0x00000000c4a00000| PB 0x00000000c4a00000| Untracked 
|  17|0x00000000c4b00000, 0x00000000c4b00000, 0x00000000c4c00000|  0%| F|  |TAMS 0x00000000c4b00000| PB 0x00000000c4b00000| Untracked 
|  18|0x00000000c4c00000, 0x00000000c4c00000, 0x00000000c4d00000|  0%| F|  |TAMS 0x00000000c4c00000| PB 0x00000000c4c00000| Untracked 
|  19|0x00000000c4d00000, 0x00000000c4d00000, 0x00000000c4e00000|  0%| F|  |TAMS 0x00000000c4d00000| PB 0x00000000c4d00000| Untracked 
|  20|0x00000000c4e00000, 0x00000000c4f00000, 0x00000000c4f00000|100%| O|  |TAMS 0x00000000c4e00000| PB 0x00000000c4e00000| Untracked 
|  21|0x00000000c4f00000, 0x00000000c4f71ff0, 0x00000000c5000000| 44%| O|  |TAMS 0x00000000c4f00000| PB 0x00000000c4f00000| Untracked 
|  22|0x00000000c5000000, 0x00000000c5000000, 0x00000000c5100000|  0%| F|  |TAMS 0x00000000c5000000| PB 0x00000000c5000000| Untracked 
|  23|0x00000000c5100000, 0x00000000c5100000, 0x00000000c5200000|  0%| F|  |TAMS 0x00000000c5100000| PB 0x00000000c5100000| Untracked 
|  24|0x00000000c5200000, 0x00000000c5287bc0, 0x00000000c5300000| 53%| S|CS|TAMS 0x00000000c5200000| PB 0x00000000c5200000| Complete 
|  25|0x00000000c5300000, 0x00000000c5400000, 0x00000000c5400000|100%| S|CS|TAMS 0x00000000c5300000| PB 0x00000000c5300000| Complete 
|  26|0x00000000c5400000, 0x00000000c5500000, 0x00000000c5500000|100%| S|CS|TAMS 0x00000000c5400000| PB 0x00000000c5400000| Complete 
|  27|0x00000000c5500000, 0x00000000c5500000, 0x00000000c5600000|  0%| F|  |TAMS 0x00000000c5500000| PB 0x00000000c5500000| Untracked 
|  28|0x00000000c5600000, 0x00000000c5600000, 0x00000000c5700000|  0%| F|  |TAMS 0x00000000c5600000| PB 0x00000000c5600000| Untracked 
|  29|0x00000000c5700000, 0x00000000c5700000, 0x00000000c5800000|  0%| F|  |TAMS 0x00000000c5700000| PB 0x00000000c5700000| Untracked 
|  30|0x00000000c5800000, 0x00000000c5800000, 0x00000000c5900000|  0%| F|  |TAMS 0x00000000c5800000| PB 0x00000000c5800000| Untracked 
|  31|0x00000000c5900000, 0x00000000c5900000, 0x00000000c5a00000|  0%| F|  |TAMS 0x00000000c5900000| PB 0x00000000c5900000| Untracked 
|  32|0x00000000c5a00000, 0x00000000c5a00000, 0x00000000c5b00000|  0%| F|  |TAMS 0x00000000c5a00000| PB 0x00000000c5a00000| Untracked 
|  33|0x00000000c5b00000, 0x00000000c5b00000, 0x00000000c5c00000|  0%| F|  |TAMS 0x00000000c5b00000| PB 0x00000000c5b00000| Untracked 
|  34|0x00000000c5c00000, 0x00000000c5c00000, 0x00000000c5d00000|  0%| F|  |TAMS 0x00000000c5c00000| PB 0x00000000c5c00000| Untracked 
|  35|0x00000000c5d00000, 0x00000000c5d00000, 0x00000000c5e00000|  0%| F|  |TAMS 0x00000000c5d00000| PB 0x00000000c5d00000| Untracked 
|  36|0x00000000c5e00000, 0x00000000c5e00000, 0x00000000c5f00000|  0%| F|  |TAMS 0x00000000c5e00000| PB 0x00000000c5e00000| Untracked 
|  37|0x00000000c5f00000, 0x00000000c5f00000, 0x00000000c6000000|  0%| F|  |TAMS 0x00000000c5f00000| PB 0x00000000c5f00000| Untracked 
|  38|0x00000000c6000000, 0x00000000c60c43c0, 0x00000000c6100000| 76%| E|  |TAMS 0x00000000c6000000| PB 0x00000000c6000000| Complete 
|  39|0x00000000c6100000, 0x00000000c6200000, 0x00000000c6200000|100%| E|CS|TAMS 0x00000000c6100000| PB 0x00000000c6100000| Complete 
|  40|0x00000000c6200000, 0x00000000c6300000, 0x00000000c6300000|100%| E|CS|TAMS 0x00000000c6200000| PB 0x00000000c6200000| Complete 
|  41|0x00000000c6300000, 0x00000000c6400000, 0x00000000c6400000|100%| E|CS|TAMS 0x00000000c6300000| PB 0x00000000c6300000| Complete 
|  42|0x00000000c6400000, 0x00000000c6500000, 0x00000000c6500000|100%| E|CS|TAMS 0x00000000c6400000| PB 0x00000000c6400000| Complete 
|  43|0x00000000c6500000, 0x00000000c6600000, 0x00000000c6600000|100%| E|CS|TAMS 0x00000000c6500000| PB 0x00000000c6500000| Complete 
|  44|0x00000000c6600000, 0x00000000c6700000, 0x00000000c6700000|100%| E|CS|TAMS 0x00000000c6600000| PB 0x00000000c6600000| Complete 
|  45|0x00000000c6700000, 0x00000000c6800000, 0x00000000c6800000|100%| E|CS|TAMS 0x00000000c6700000| PB 0x00000000c6700000| Complete 
|  46|0x00000000c6800000, 0x00000000c6900000, 0x00000000c6900000|100%| E|CS|TAMS 0x00000000c6800000| PB 0x00000000c6800000| Complete 
|  47|0x00000000c6900000, 0x00000000c6a00000, 0x00000000c6a00000|100%| E|CS|TAMS 0x00000000c6900000| PB 0x00000000c6900000| Complete 
|  51|0x00000000c6d00000, 0x00000000c6e00000, 0x00000000c6e00000|100%| E|CS|TAMS 0x00000000c6d00000| PB 0x00000000c6d00000| Complete 
|  61|0x00000000c7700000, 0x00000000c7800000, 0x00000000c7800000|100%| E|  |TAMS 0x00000000c7700000| PB 0x00000000c7700000| Complete 

Card table byte_map: [0x0000025535510000,0x0000025535700000] _byte_map_base: 0x0000025534ef3000

Marking Bits: (CMBitMap*) 0x000002551dc5aed0
 Bits: [0x0000025535700000, 0x0000025536618000)

Polling page: 0x000002551bc10000

Metaspace:

Usage:
  Non-class:     28.19 MB used.
      Class:      4.13 MB used.
       Both:     32.32 MB used.

Virtual space:
  Non-class space:       64.00 MB reserved,      28.50 MB ( 45%) committed,  1 nodes.
      Class space:        1.00 GB reserved,       4.38 MB ( <1%) committed,  1 nodes.
             Both:        1.06 GB reserved,      32.88 MB (  3%) committed. 

Chunk freelists:
   Non-Class:  3.08 MB
       Class:  11.59 MB
        Both:  14.67 MB

MaxMetaspaceSize: unlimited
CompressedClassSpaceSize: 1.00 GB
Initial GC threshold: 21.00 MB
Current GC threshold: 35.12 MB
CDS: on
 - commit_granule_bytes: 65536.
 - commit_granule_words: 8192.
 - virtual_space_node_default_size: 8388608.
 - enlarge_chunks_in_place: 1.
 - use_allocation_guard: 0.


Internal statistics:

num_allocs_failed_limit: 3.
num_arena_births: 704.
num_arena_deaths: 0.
num_vsnodes_births: 2.
num_vsnodes_deaths: 0.
num_space_committed: 526.
num_space_uncommitted: 0.
num_chunks_returned_to_freelist: 3.
num_chunks_taken_from_freelist: 1938.
num_chunk_merges: 3.
num_chunk_splits: 1300.
num_chunks_enlarged: 907.
num_inconsistent_stats: 0.

CodeHeap 'non-profiled nmethods': size=120000Kb used=1784Kb max_used=1784Kb free=118215Kb
 bounds [0x000002552ddf0000, 0x000002552e060000, 0x0000025535320000]
CodeHeap 'profiled nmethods': size=120000Kb used=9009Kb max_used=9009Kb free=110990Kb
 bounds [0x0000025526320000, 0x0000025526bf0000, 0x000002552d850000]
CodeHeap 'non-nmethods': size=5760Kb used=1486Kb max_used=1511Kb free=4273Kb
 bounds [0x000002552d850000, 0x000002552dac0000, 0x000002552ddf0000]
CodeCache: size=245760Kb, used=12279Kb, max_used=12304Kb, free=233478Kb
 total_blobs=4839, nmethods=4282, adapters=461, full_count=0
Compilation: enabled, stopped_count=0, restarted_count=0

Compilation events (20 events):
Event: 14.876 Thread 0x0000025538ac2350 4292       2       sun.nio.fs.WindowsDirectoryStream$WindowsDirectoryIterator::isSelfOrParent (24 bytes)
Event: 14.876 Thread 0x0000025538ac2350 nmethod 4292 0x0000025526be7f10 code [0x0000025526be80c0, 0x0000025526be8240]
Event: 14.876 Thread 0x0000025538ac2350 4294       2       jdk.internal.misc.Unsafe::copyMemory (33 bytes)
Event: 14.877 Thread 0x0000025538ac2350 nmethod 4294 0x0000025526be8310 code [0x0000025526be8540, 0x0000025526be8ad0]
Event: 14.877 Thread 0x0000025538ac2350 4293   !   2       sun.nio.fs.WindowsNativeDispatcher::FindNextFile (30 bytes)
Event: 14.877 Thread 0x0000025538ac2350 nmethod 4293 0x0000025526be8f10 code [0x0000025526be90e0, 0x0000025526be9288]
Event: 14.877 Thread 0x0000025538ac2350 4295       2       jdk.internal.misc.Unsafe::copyMemoryChecks (21 bytes)
Event: 14.878 Thread 0x0000025538ac2350 nmethod 4295 0x0000025526be9410 code [0x0000025526be9640, 0x0000025526be9ba0]
Event: 14.963 Thread 0x0000025538ac2350 4297       2       java.lang.invoke.MethodHandleImpl::valueConversion (325 bytes)
Event: 14.964 Thread 0x0000025538ac2350 nmethod 4297 0x0000025526be9f10 code [0x0000025526bea1c0, 0x0000025526bea7e0]
Event: 14.965 Thread 0x0000025538ac2350 4300       2       java.lang.invoke.InvokerBytecodeGenerator::<init> (12 bytes)
Event: 14.965 Thread 0x0000025538ac2350 nmethod 4300 0x0000025526beab90 code [0x0000025526bead40, 0x0000025526beaec0]
Event: 14.965 Thread 0x0000025538ac2350 4301       2       java.lang.invoke.InvokerBytecodeGenerator::generateCustomizedCodeBytes (37 bytes)
Event: 14.965 Thread 0x0000025538ac2350 nmethod 4301 0x0000025526beb010 code [0x0000025526beb200, 0x0000025526beb470]
Event: 14.965 Thread 0x0000025538ac2350 4302       2       java.lang.invoke.InvokerBytecodeGenerator::loadMethod (39 bytes)
Event: 14.966 Thread 0x0000025538ac2350 nmethod 4302 0x0000025526beb610 code [0x0000025526beb7e0, 0x0000025526beb9c8]
Event: 14.991 Thread 0x0000025538ac2350 4303       2       jdk.internal.loader.URLClassPath$1::hasMoreElements (5 bytes)
Event: 14.991 Thread 0x0000025538ac2350 nmethod 4303 0x0000025526bebb10 code [0x0000025526bebcc0, 0x0000025526bebde0]
Event: 14.992 Thread 0x0000025538ac2350 4304       2       jdk.internal.loader.ClassLoaders::bootLoader (4 bytes)
Event: 14.992 Thread 0x0000025538ac2350 nmethod 4304 0x0000025526bebe90 code [0x0000025526bec020, 0x0000025526bec110]

GC Heap History (14 events):
Event: 4.490 GC heap before
{Heap before GC invocations=0 (full 0):
 garbage-first heap   total 63488K, used 14336K [0x00000000c3a00000, 0x0000000100000000)
  region size 1024K, 13 young (13312K), 0 survivors (0K)
 Metaspace       used 3059K, committed 3200K, reserved 1114112K
  class space    used 314K, committed 384K, reserved 1048576K
}
Event: 4.500 GC heap after
{Heap after GC invocations=1 (full 0):
 garbage-first heap   total 63488K, used 7089K [0x00000000c3a00000, 0x0000000100000000)
  region size 1024K, 2 young (2048K), 2 survivors (2048K)
 Metaspace       used 3059K, committed 3200K, reserved 1114112K
  class space    used 314K, committed 384K, reserved 1048576K
}
Event: 5.274 GC heap before
{Heap before GC invocations=1 (full 0):
 garbage-first heap   total 63488K, used 20401K [0x00000000c3a00000, 0x0000000100000000)
  region size 1024K, 15 young (15360K), 2 survivors (2048K)
 Metaspace       used 6654K, committed 6848K, reserved 1114112K
  class space    used 774K, committed 896K, reserved 1048576K
}
Event: 5.279 GC heap after
{Heap after GC invocations=2 (full 0):
 garbage-first heap   total 63488K, used 8092K [0x00000000c3a00000, 0x0000000100000000)
  region size 1024K, 1 young (1024K), 1 survivors (1024K)
 Metaspace       used 6654K, committed 6848K, reserved 1114112K
  class space    used 774K, committed 896K, reserved 1048576K
}
Event: 7.050 GC heap before
{Heap before GC invocations=2 (full 0):
 garbage-first heap   total 63488K, used 35740K [0x00000000c3a00000, 0x0000000100000000)
  region size 1024K, 29 young (29696K), 1 survivors (1024K)
 Metaspace       used 14274K, committed 14656K, reserved 1114112K
  class space    used 1756K, committed 1920K, reserved 1048576K
}
Event: 7.063 GC heap after
{Heap after GC invocations=3 (full 0):
 garbage-first heap   total 63488K, used 10806K [0x00000000c3a00000, 0x0000000100000000)
  region size 1024K, 4 young (4096K), 4 survivors (4096K)
 Metaspace       used 14274K, committed 14656K, reserved 1114112K
  class space    used 1756K, committed 1920K, reserved 1048576K
}
Event: 10.274 GC heap before
{Heap before GC invocations=3 (full 0):
 garbage-first heap   total 63488K, used 42550K [0x00000000c3a00000, 0x0000000100000000)
  region size 1024K, 36 young (36864K), 4 survivors (4096K)
 Metaspace       used 20344K, committed 20736K, reserved 1114112K
  class space    used 2513K, committed 2688K, reserved 1048576K
}
Event: 10.293 GC heap after
{Heap after GC invocations=4 (full 0):
 garbage-first heap   total 63488K, used 14225K [0x00000000c3a00000, 0x0000000100000000)
  region size 1024K, 4 young (4096K), 4 survivors (4096K)
 Metaspace       used 20344K, committed 20736K, reserved 1114112K
  class space    used 2513K, committed 2688K, reserved 1048576K
}
Event: 11.232 GC heap before
{Heap before GC invocations=4 (full 0):
 garbage-first heap   total 63488K, used 23441K [0x00000000c3a00000, 0x0000000100000000)
  region size 1024K, 14 young (14336K), 4 survivors (4096K)
 Metaspace       used 21157K, committed 21504K, reserved 1114112K
  class space    used 2625K, committed 2816K, reserved 1048576K
}
Event: 11.244 GC heap after
{Heap after GC invocations=5 (full 0):
 garbage-first heap   total 63488K, used 14588K [0x00000000c3a00000, 0x0000000100000000)
  region size 1024K, 1 young (1024K), 1 survivors (1024K)
 Metaspace       used 21157K, committed 21504K, reserved 1114112K
  class space    used 2625K, committed 2816K, reserved 1048576K
}
Event: 13.365 GC heap before
{Heap before GC invocations=6 (full 0):
 garbage-first heap   total 51200K, used 44284K [0x00000000c3a00000, 0x0000000100000000)
  region size 1024K, 30 young (30720K), 1 survivors (1024K)
 Metaspace       used 25814K, committed 26304K, reserved 1114112K
  class space    used 3263K, committed 3456K, reserved 1048576K
}
Event: 13.374 GC heap after
{Heap after GC invocations=7 (full 0):
 garbage-first heap   total 51200K, used 17116K [0x00000000c3a00000, 0x0000000100000000)
  region size 1024K, 4 young (4096K), 4 survivors (4096K)
 Metaspace       used 25814K, committed 26304K, reserved 1114112K
  class space    used 3263K, committed 3456K, reserved 1048576K
}
Event: 14.529 GC heap before
{Heap before GC invocations=7 (full 0):
 garbage-first heap   total 51200K, used 39644K [0x00000000c3a00000, 0x0000000100000000)
  region size 1024K, 27 young (27648K), 4 survivors (4096K)
 Metaspace       used 30539K, committed 31040K, reserved 1114112K
  class space    used 3885K, committed 4096K, reserved 1048576K
}
Event: 14.543 GC heap after
{Heap after GC invocations=8 (full 0):
 garbage-first heap   total 51200K, used 19430K [0x00000000c3a00000, 0x0000000100000000)
  region size 1024K, 3 young (3072K), 3 survivors (3072K)
 Metaspace       used 30539K, committed 31040K, reserved 1114112K
  class space    used 3885K, committed 4096K, reserved 1048576K
}

Dll operation events (12 events):
Event: 0.026 Loaded shared library C:\Users\rache\.jdks\ms-21.0.8\bin\java.dll
Event: 0.101 Loaded shared library C:\Users\rache\.jdks\ms-21.0.8\bin\jsvml.dll
Event: 0.454 Loaded shared library C:\Users\rache\.jdks\ms-21.0.8\bin\zip.dll
Event: 0.465 Loaded shared library C:\Users\rache\.jdks\ms-21.0.8\bin\instrument.dll
Event: 0.500 Loaded shared library C:\Users\rache\.jdks\ms-21.0.8\bin\net.dll
Event: 0.507 Loaded shared library C:\Users\rache\.jdks\ms-21.0.8\bin\nio.dll
Event: 0.515 Loaded shared library C:\Users\rache\.jdks\ms-21.0.8\bin\zip.dll
Event: 3.851 Loaded shared library C:\Users\rache\.jdks\ms-21.0.8\bin\extnet.dll
Event: 4.082 Loaded shared library C:\Users\rache\.jdks\ms-21.0.8\bin\jimage.dll
Event: 4.692 Loaded shared library C:\Users\rache\.jdks\ms-21.0.8\bin\management.dll
Event: 4.703 Loaded shared library C:\Users\rache\.jdks\ms-21.0.8\bin\management_ext.dll
Event: 8.660 Loaded shared library C:\Users\rache\.jdks\ms-21.0.8\bin\sunmscapi.dll

Deoptimization events (20 events):
Event: 14.356 Thread 0x000002557e7fdd70 DEOPT PACKING pc=0x0000025526385d7b sp=0x0000007eff6fd820
Event: 14.356 Thread 0x000002557e7fdd70 DEOPT UNPACKING pc=0x000002552d8a4e23 sp=0x0000007eff6fcc90 mode 0
Event: 14.629 Thread 0x000002557e7fdd70 Uncommon trap: trap_request=0xffffff45 fr.pc=0x000002552de8ce1c relative=0x000000000000025c
Event: 14.629 Thread 0x000002557e7fdd70 Uncommon trap: reason=unstable_if action=reinterpret pc=0x000002552de8ce1c method=java.util.concurrent.ConcurrentHashMap.get(Ljava/lang/Object;)Ljava/lang/Object; @ 76 c2
Event: 14.629 Thread 0x000002557e7fdd70 DEOPT PACKING pc=0x000002552de8ce1c sp=0x0000007eff6fcd10
Event: 14.629 Thread 0x000002557e7fdd70 DEOPT UNPACKING pc=0x000002552d8a469c sp=0x0000007eff6fcc88 mode 2
Event: 14.656 Thread 0x000002557e7fdd70 Uncommon trap: trap_request=0xffffff54 fr.pc=0x000002552df50fa4 relative=0x0000000000000404
Event: 14.656 Thread 0x000002557e7fdd70 Uncommon trap: reason=speculate_null_assert action=make_not_entrant pc=0x000002552df50fa4 method=org.springframework.core.SimpleAliasRegistry.canonicalName(Ljava/lang/String;)Ljava/lang/String; @ 17 c2
Event: 14.656 Thread 0x000002557e7fdd70 DEOPT PACKING pc=0x000002552df50fa4 sp=0x0000007eff6feb30
Event: 14.656 Thread 0x000002557e7fdd70 DEOPT UNPACKING pc=0x000002552d8a469c sp=0x0000007eff6fea78 mode 2
Event: 14.689 Thread 0x000002557e7fdd70 DEOPT PACKING pc=0x0000025526b28253 sp=0x0000007eff6fd9e0
Event: 14.689 Thread 0x000002557e7fdd70 DEOPT UNPACKING pc=0x000002552d8a4e23 sp=0x0000007eff6fceb0 mode 0
Event: 14.739 Thread 0x000002557f74f170 Uncommon trap: trap_request=0xffffff45 fr.pc=0x000002552decfca4 relative=0x0000000000002f04
Event: 14.739 Thread 0x000002557f74f170 Uncommon trap: reason=unstable_if action=reinterpret pc=0x000002552decfca4 method=java.net.URL.<init>(Ljava/net/URL;Ljava/lang/String;Ljava/net/URLStreamHandler;)V @ 57 c2
Event: 14.739 Thread 0x000002557f74f170 DEOPT PACKING pc=0x000002552decfca4 sp=0x0000007effafef30
Event: 14.739 Thread 0x000002557f74f170 DEOPT UNPACKING pc=0x000002552d8a469c sp=0x0000007effafeed0 mode 2
Event: 14.795 Thread 0x000002557e7fdd70 Uncommon trap: trap_request=0xffffff45 fr.pc=0x000002552df2e3fc relative=0x000000000000023c
Event: 14.795 Thread 0x000002557e7fdd70 Uncommon trap: reason=unstable_if action=reinterpret pc=0x000002552df2e3fc method=jdk.internal.org.objectweb.asm.Frame.push(I)V @ 26 c2
Event: 14.796 Thread 0x000002557e7fdd70 DEOPT PACKING pc=0x000002552df2e3fc sp=0x0000007eff6fcd00
Event: 14.796 Thread 0x000002557e7fdd70 DEOPT UNPACKING pc=0x000002552d8a469c sp=0x0000007eff6fcca8 mode 2

Classes loaded (20 events):
Event: 14.640 Loading class java/util/concurrent/ThreadPoolExecutor$Worker
Event: 14.640 Loading class java/util/concurrent/ThreadPoolExecutor$Worker done
Event: 14.645 Loading class java/lang/invoke/DirectMethodHandle$Special
Event: 14.646 Loading class java/lang/invoke/DirectMethodHandle$Special done
Event: 14.653 Loading class jdk/internal/event/ThreadSleepEvent
Event: 14.653 Loading class jdk/internal/event/ThreadSleepEvent done
Event: 14.681 Loading class java/util/concurrent/CompletableFuture
Event: 14.681 Loading class java/util/concurrent/CompletionStage
Event: 14.682 Loading class java/util/concurrent/CompletionStage done
Event: 14.682 Loading class java/util/concurrent/CompletableFuture done
Event: 14.703 Loading class java/util/LinkedList$LLSpliterator
Event: 14.703 Loading class java/util/LinkedList$LLSpliterator done
Event: 14.737 Loading class java/util/concurrent/Executors$AutoShutdownDelegatedExecutorService
Event: 14.737 Loading class java/util/concurrent/Executors$DelegatedExecutorService
Event: 14.737 Loading class java/util/concurrent/Executors$DelegatedExecutorService done
Event: 14.737 Loading class java/util/concurrent/Executors$AutoShutdownDelegatedExecutorService done
Event: 14.848 Loading class javax/naming/Referenceable
Event: 14.849 Loading class javax/naming/Referenceable done
Event: 14.904 Loading class java/lang/instrument/ClassFileTransformer
Event: 14.904 Loading class java/lang/instrument/ClassFileTransformer done

Classes unloaded (0 events):
No events

Classes redefined (0 events):
No events

Internal exceptions (20 events):
Event: 13.811 Thread 0x000002557e7fdd70 Exception <a 'java/lang/NoSuchMethodError'{0x00000000c64339a8}: 'void java.lang.invoke.DirectMethodHandle$Holder.invokeStatic(java.lang.Object, int, java.lang.Object)'> (0x00000000c64339a8) 
thrown [s\src\hotspot\share\interpreter\linkResolver.cpp, line 773]
Event: 13.818 Thread 0x000002557e7fdd70 Exception <a 'java/lang/NoSuchMethodError'{0x00000000c6460358}: 'int java.lang.invoke.DirectMethodHandle$Holder.invokeSpecial(java.lang.Object, java.lang.Object, int)'> (0x00000000c6460358) 
thrown [s\src\hotspot\share\interpreter\linkResolver.cpp, line 773]
Event: 13.823 Thread 0x000002557e7fdd70 Exception <a 'java/lang/NoSuchMethodError'{0x00000000c646ec18}: 'void java.lang.invoke.DirectMethodHandle$Holder.invokeStatic(java.lang.Object, java.lang.Object, java.lang.Object, int, java.lang.Object)'> (0x00000000c646ec18) 
thrown [s\src\hotspot\share\interpreter\linkResolver.cpp, line 773]
Event: 13.824 Thread 0x000002557e7fdd70 Exception <a 'java/lang/NoSuchMethodError'{0x00000000c64754b8}: 'java.lang.Object java.lang.invoke.DirectMethodHandle$Holder.newInvokeSpecial(java.lang.Object, java.lang.Object, java.lang.Object, int)'> (0x00000000c64754b8) 
thrown [s\src\hotspot\share\interpreter\linkResolver.cpp, line 773]
Event: 13.824 Thread 0x000002557e7fdd70 Exception <a 'java/lang/NoSuchMethodError'{0x00000000c6479368}: 'java.lang.Object java.lang.invoke.DirectMethodHandle$Holder.invokeSpecial(java.lang.Object, java.lang.Object, java.lang.Object, java.lang.Object, int)'> (0x00000000c6479368) 
thrown [s\src\hotspot\share\interpreter\linkResolver.cpp, line 773]
Event: 13.824 Thread 0x000002557e7fdd70 Exception <a 'java/lang/NoSuchMethodError'{0x00000000c647c800}: 'java.lang.Object java.lang.invoke.Invokers$Holder.linkToTargetMethod(java.lang.Object, java.lang.Object, int, java.lang.Object)'> (0x00000000c647c800) 
thrown [s\src\hotspot\share\interpreter\linkResolver.cpp, line 773]
Event: 13.982 Thread 0x000002557e7fdd70 Exception <a 'java/lang/NoSuchMethodError'{0x00000000c61c41e0}: 'java.lang.Object java.lang.invoke.DirectMethodHandle$Holder.invokeStaticInit(java.lang.Object, int, int, int, int)'> (0x00000000c61c41e0) 
thrown [s\src\hotspot\share\interpreter\linkResolver.cpp, line 773]
Event: 14.024 Thread 0x000002557e7fdd70 Exception <a 'java/lang/NoSuchMethodError'{0x00000000c61f55b8}: 'java.lang.Object java.lang.invoke.DirectMethodHandle$Holder.invokeStaticInit(java.lang.Object, java.lang.Object, int, int, int, int)'> (0x00000000c61f55b8) 
thrown [s\src\hotspot\share\interpreter\linkResolver.cpp, line 773]
Event: 14.282 Thread 0x000002557e7fdd70 Exception <a 'sun/nio/fs/WindowsException'{0x00000000c5afef30}> (0x00000000c5afef30) 
thrown [s\src\hotspot\share\prims\jni.cpp, line 520]
Event: 14.284 Thread 0x000002557e7fdd70 Exception <a 'sun/nio/fs/WindowsException'{0x00000000c5aff680}> (0x00000000c5aff680) 
thrown [s\src\hotspot\share\prims\jni.cpp, line 520]
Event: 14.293 Thread 0x000002557e7fdd70 Exception <a 'java/lang/NoSuchMethodError'{0x00000000c591bbe0}: 'int java.lang.invoke.DirectMethodHandle$Holder.invokeVirtual(java.lang.Object, java.lang.Object, java.lang.Object, java.lang.Object)'> (0x00000000c591bbe0) 
thrown [s\src\hotspot\share\interpreter\linkResolver.cpp, line 773]
Event: 14.293 Thread 0x000002557e7fdd70 Exception <a 'java/lang/NoSuchMethodError'{0x00000000c591f668}: 'int java.lang.invoke.DelegatingMethodHandle$Holder.reinvoke_L(java.lang.Object, java.lang.Object, java.lang.Object, java.lang.Object)'> (0x00000000c591f668) 
thrown [s\src\hotspot\share\interpreter\linkResolver.cpp, line 773]
Event: 14.342 Thread 0x000002557e7fdd70 Exception <a 'java/io/FileNotFoundException'{0x00000000c5821510}> (0x00000000c5821510) 
thrown [s\src\hotspot\share\prims\jni.cpp, line 520]
Event: 14.432 Thread 0x000002557e7fdd70 Exception <a 'java/lang/NoSuchMethodError'{0x00000000c5649af8}: 'int java.lang.invoke.DirectMethodHandle$Holder.invokeInterface(java.lang.Object, java.lang.Object, java.lang.Object, java.lang.Object)'> (0x00000000c5649af8) 
thrown [s\src\hotspot\share\interpreter\linkResolver.cpp, line 773]
Event: 14.454 Thread 0x000002557e7fdd70 Exception <a 'java/lang/NoSuchMethodError'{0x00000000c56ca8b8}: 'void java.lang.invoke.Invokers$Holder.invokeExact_MT(java.lang.Object, java.lang.Object, java.lang.Object, java.lang.Object)'> (0x00000000c56ca8b8) 
thrown [s\src\hotspot\share\interpreter\linkResolver.cpp, line 773]
Event: 14.616 Thread 0x000002557e7fdd70 Exception <a 'java/lang/NoSuchMethodError'{0x00000000c6d77540}: 'long java.lang.invoke.DirectMethodHandle$Holder.invokeVirtual(java.lang.Object, java.lang.Object)'> (0x00000000c6d77540) 
thrown [s\src\hotspot\share\interpreter\linkResolver.cpp, line 773]
Event: 14.625 Thread 0x000002557e7fdd70 Exception <a 'java/io/FileNotFoundException'{0x00000000c6da0ad8}> (0x00000000c6da0ad8) 
thrown [s\src\hotspot\share\prims\jni.cpp, line 520]
Event: 14.679 Thread 0x000002557e7fdd70 Exception <a 'java/lang/NoSuchMethodError'{0x00000000c69fa1f0}: 'void java.lang.invoke.DirectMethodHandle$Holder.invokeVirtual(java.lang.Object, java.lang.Object, long)'> (0x00000000c69fa1f0) 
thrown [s\src\hotspot\share\interpreter\linkResolver.cpp, line 773]
Event: 14.795 Thread 0x000002557e7fdd70 Exception <a 'java/lang/NoSuchMethodError'{0x00000000c666dbd8}: 'java.lang.Object java.lang.invoke.DirectMethodHandle$Holder.newInvokeSpecial(java.lang.Object, java.lang.Object, java.lang.Object, java.lang.Object, java.lang.Object, java.lang.Object, java.lang.Object, java.lang.Object, java.lang.Object, java.lang.Object, java.lang.Object, java.lang.Object)'> (0x00000000c666dbd8) 
thrown [s\src\hotspot\share\interpreter\linkResolver.cpp, line 773]
Event: 14.963 Thread 0x000002557e7fdd70 Exception <a 'java/lang/NoSuchMethodError'{0x00000000c63d5a48}: 'void java.lang.invoke.DelegatingMethodHandle$Holder.reinvoke_L(java.lang.Object, java.lang.Object, java.lang.Object, java.lang.Object, int, java.lang.Object, java.lang.Object, java.lang.Object)'> (0x00000000c63d5a48) 
thrown [s\src\hotspot\share\interpreter\linkResolver.cpp, line 773]

ZGC Phase Switch (0 events):
No events

VM Operations (20 events):
Event: 12.627 Executing VM operation: HandshakeAllThreads (Deoptimize)
Event: 12.627 Executing VM operation: HandshakeAllThreads (Deoptimize) done
Event: 13.022 Executing VM operation: HandshakeAllThreads (Deoptimize)
Event: 13.022 Executing VM operation: HandshakeAllThreads (Deoptimize) done
Event: 13.256 Executing VM operation: HandshakeAllThreads (Deoptimize)
Event: 13.256 Executing VM operation: HandshakeAllThreads (Deoptimize) done
Event: 13.365 Executing VM operation: G1CollectForAllocation (G1 Evacuation Pause)
Event: 13.374 Executing VM operation: G1CollectForAllocation (G1 Evacuation Pause) done
Event: 13.956 Executing VM operation: HandshakeAllThreads (Deoptimize)
Event: 13.956 Executing VM operation: HandshakeAllThreads (Deoptimize) done
Event: 14.393 Executing VM operation: HandshakeAllThreads (Deoptimize)
Event: 14.393 Executing VM operation: HandshakeAllThreads (Deoptimize) done
Event: 14.393 Executing VM operation: Cleanup
Event: 14.394 Executing VM operation: Cleanup done
Event: 14.505 Executing VM operation: HandshakeAllThreads (Deoptimize)
Event: 14.505 Executing VM operation: HandshakeAllThreads (Deoptimize) done
Event: 14.529 Executing VM operation: G1CollectForAllocation (G1 Evacuation Pause)
Event: 14.543 Executing VM operation: G1CollectForAllocation (G1 Evacuation Pause) done
Event: 14.633 Executing VM operation: HandshakeAllThreads (Deoptimize)
Event: 14.633 Executing VM operation: HandshakeAllThreads (Deoptimize) done

Memory protections (0 events):
No events

Nmethod flushes (0 events):
No events

Events (20 events):
Event: 0.095 Thread 0x000002551dc24830 Thread added: 0x0000025538a88f60
Event: 0.095 Thread 0x000002551dc24830 Thread added: 0x0000025538a8d6b0
Event: 0.096 Thread 0x000002551dc24830 Thread added: 0x0000025538a8e100
Event: 0.096 Thread 0x000002551dc24830 Thread added: 0x0000025538a8eb50
Event: 0.096 Thread 0x000002551dc24830 Thread added: 0x0000025538a8f6d0
Event: 0.096 Thread 0x000002551dc24830 Thread added: 0x0000025538a97490
Event: 0.097 Thread 0x000002551dc24830 Thread added: 0x0000025538ac2350
Event: 0.357 Thread 0x000002551dc24830 Thread added: 0x0000025538b4e430
Event: 3.794 Thread 0x000002551dc24830 Thread added: 0x0000025538f222c0
Event: 3.795 Thread 0x000002551dc24830 Thread added: 0x0000025538ee5820
Event: 4.797 Thread 0x000002551dc24830 Thread added: 0x000002557e23c160
Event: 4.811 Thread 0x000002557e23c160 Thread added: 0x000002557e7fdd70
Event: 5.906 Thread 0x000002557e7fdd70 Thread added: 0x000002557eb1c500
Event: 8.730 Thread 0x000002557eb1c500 Thread exited: 0x000002557eb1c500
Event: 8.879 Thread 0x000002557e7fdd70 Thread added: 0x000002557eb1c500
Event: 9.069 Thread 0x000002557eb1c500 Thread exited: 0x000002557eb1c500
Event: 14.643 Thread 0x000002557e7fdd70 Thread added: 0x0000025538b2c190
Event: 14.645 Thread 0x0000025538b2c190 Thread added: 0x0000025500a2d860
Event: 14.653 Thread 0x000002557e7fdd70 Thread added: 0x0000025500392d40
Event: 14.739 Thread 0x000002557e7fdd70 Thread added: 0x000002557f74f170


Dynamic libraries:
0x00007ff73a330000 - 0x00007ff73a33e000 	C:\Users\rache\.jdks\ms-21.0.8\bin\java.exe
0x00007ff8c38f0000 - 0x00007ff8c3b07000 	C:\windows\SYSTEM32\ntdll.dll
0x00007ff8c2cd0000 - 0x00007ff8c2d94000 	C:\windows\System32\KERNEL32.DLL
0x00007ff8c0d50000 - 0x00007ff8c1122000 	C:\windows\System32\KERNELBASE.dll
0x00007ff8c0c30000 - 0x00007ff8c0d41000 	C:\windows\System32\ucrtbase.dll
0x00007ff8a8670000 - 0x00007ff8a8688000 	C:\Users\rache\.jdks\ms-21.0.8\bin\jli.dll
0x00007ff8a8690000 - 0x00007ff8a86ae000 	C:\Users\rache\.jdks\ms-21.0.8\bin\VCRUNTIME140.dll
0x00007ff8c3010000 - 0x00007ff8c31c1000 	C:\windows\System32\USER32.dll
0x00007ff8c0a60000 - 0x00007ff8c0a86000 	C:\windows\System32\win32u.dll
0x00007ff8a3320000 - 0x00007ff8a35bb000 	C:\windows\WinSxS\amd64_microsoft.windows.common-controls_6595b64144ccf1df_6.0.22621.5547_none_27104afb73855772\COMCTL32.dll
0x00007ff8c31d0000 - 0x00007ff8c31f9000 	C:\windows\System32\GDI32.dll
0x00007ff8c1310000 - 0x00007ff8c1433000 	C:\windows\System32\gdi32full.dll
0x00007ff8c2da0000 - 0x00007ff8c2e47000 	C:\windows\System32\msvcrt.dll
0x00007ff8c1270000 - 0x00007ff8c130a000 	C:\windows\System32\msvcp_win.dll
0x00007ff8c3800000 - 0x00007ff8c3831000 	C:\windows\System32\IMM32.DLL
0x00007ff8ba6b0000 - 0x00007ff8ba6bc000 	C:\Users\rache\.jdks\ms-21.0.8\bin\vcruntime140_1.dll
0x00007ff87af40000 - 0x00007ff87afc9000 	C:\Users\rache\.jdks\ms-21.0.8\bin\msvcp140.dll
0x00007ff8535a0000 - 0x00007ff85434c000 	C:\Users\rache\.jdks\ms-21.0.8\bin\server\jvm.dll
0x00007ff8c36a0000 - 0x00007ff8c3751000 	C:\windows\System32\ADVAPI32.dll
0x00007ff8c2c20000 - 0x00007ff8c2cc8000 	C:\windows\System32\sechost.dll
0x00007ff8c0a90000 - 0x00007ff8c0ab8000 	C:\windows\System32\bcrypt.dll
0x00007ff8c2b00000 - 0x00007ff8c2c14000 	C:\windows\System32\RPCRT4.dll
0x00007ff8c1760000 - 0x00007ff8c17d1000 	C:\windows\System32\WS2_32.dll
0x00007ff8c08b0000 - 0x00007ff8c08fd000 	C:\windows\SYSTEM32\POWRPROF.dll
0x00007ff8b9940000 - 0x00007ff8b9974000 	C:\windows\SYSTEM32\WINMM.dll
0x00007ff8b9080000 - 0x00007ff8b908a000 	C:\windows\SYSTEM32\VERSION.dll
0x00007ff8c0890000 - 0x00007ff8c08a3000 	C:\windows\SYSTEM32\UMPDC.dll
0x00007ff8bfa10000 - 0x00007ff8bfa28000 	C:\windows\SYSTEM32\kernel.appcore.dll
0x00007ff8a5010000 - 0x00007ff8a501a000 	C:\Users\rache\.jdks\ms-21.0.8\bin\jimage.dll
0x00007ff8be390000 - 0x00007ff8be5c3000 	C:\windows\SYSTEM32\DBGHELP.DLL
0x00007ff8c32b0000 - 0x00007ff8c3643000 	C:\windows\System32\combase.dll
0x00007ff8c2230000 - 0x00007ff8c2307000 	C:\windows\System32\OLEAUT32.dll
0x00007ff8a25d0000 - 0x00007ff8a2602000 	C:\windows\SYSTEM32\dbgcore.DLL
0x00007ff8c1130000 - 0x00007ff8c11ab000 	C:\windows\System32\bcryptPrimitives.dll
0x00007ff8a2770000 - 0x00007ff8a2780000 	C:\Users\rache\.jdks\ms-21.0.8\bin\instrument.dll
0x00007ff87af10000 - 0x00007ff87af31000 	C:\Users\rache\.jdks\ms-21.0.8\bin\java.dll
0x00007ff8c1980000 - 0x00007ff8c2222000 	C:\windows\System32\SHELL32.dll
0x00007ff8c1440000 - 0x00007ff8c157f000 	C:\windows\System32\wintypes.dll
0x00007ff8be910000 - 0x00007ff8bf22d000 	C:\windows\SYSTEM32\windows.storage.dll
0x00007ff8c1650000 - 0x00007ff8c175c000 	C:\windows\System32\SHCORE.dll
0x00007ff8c15e0000 - 0x00007ff8c1649000 	C:\windows\System32\shlwapi.dll
0x00007ff8c0910000 - 0x00007ff8c093b000 	C:\windows\SYSTEM32\profapi.dll
0x00007ff87ae30000 - 0x00007ff87af06000 	C:\Users\rache\.jdks\ms-21.0.8\bin\jsvml.dll
0x00007ff87ae10000 - 0x00007ff87ae28000 	C:\Users\rache\.jdks\ms-21.0.8\bin\zip.dll
0x00007ff87e5e0000 - 0x00007ff87e5f1000 	C:\Users\rache\.jdks\ms-21.0.8\bin\net.dll
0x00007ff8b9300000 - 0x00007ff8b942c000 	C:\windows\SYSTEM32\WINHTTP.dll
0x00007ff8bfe90000 - 0x00007ff8bfef9000 	C:\windows\system32\mswsock.dll
0x00007ff87b210000 - 0x00007ff87b226000 	C:\Users\rache\.jdks\ms-21.0.8\bin\nio.dll
0x00007ff899620000 - 0x00007ff899629000 	C:\Users\rache\.jdks\ms-21.0.8\bin\extnet.dll
0x00007ff8995f0000 - 0x00007ff8995fa000 	C:\Users\rache\.jdks\ms-21.0.8\bin\management.dll
0x00007ff8995c0000 - 0x00007ff8995cc000 	C:\Users\rache\.jdks\ms-21.0.8\bin\management_ext.dll
0x00007ff8c3760000 - 0x00007ff8c3768000 	C:\windows\System32\PSAPI.DLL
0x00007ff89ef00000 - 0x00007ff89ef0e000 	C:\Users\rache\.jdks\ms-21.0.8\bin\sunmscapi.dll
0x00007ff8c0ac0000 - 0x00007ff8c0c27000 	C:\windows\System32\CRYPT32.dll
0x00007ff8c02a0000 - 0x00007ff8c02cd000 	C:\windows\SYSTEM32\ncrypt.dll
0x00007ff8c0260000 - 0x00007ff8c0297000 	C:\windows\SYSTEM32\NTASN1.dll
0x00007ff8c00e0000 - 0x00007ff8c00fb000 	C:\windows\SYSTEM32\CRYPTSP.dll
0x00007ff8bf970000 - 0x00007ff8bf9a7000 	C:\windows\system32\rsaenh.dll
0x00007ff8bff80000 - 0x00007ff8bffa8000 	C:\windows\SYSTEM32\USERENV.dll
0x00007ff8c0100000 - 0x00007ff8c010c000 	C:\windows\SYSTEM32\CRYPTBASE.dll
0x00007ff8bf490000 - 0x00007ff8bf4bd000 	C:\windows\SYSTEM32\IPHLPAPI.DLL
0x00007ff8c3690000 - 0x00007ff8c3699000 	C:\windows\System32\NSI.dll

JVMTI agents:
C:\Program Files\JetBrains\IntelliJ IDEA Community Edition 2025.1.4.1\lib\idea_rt.jar path:C:\Users\rache\.jdks\ms-21.0.8\bin\instrument.dll, loaded, initialized, instrumentlib options:56117

dbghelp: loaded successfully - version: 4.0.5 - missing functions: none
symbol engine: initialized successfully - sym options: 0x614 - pdb path: .;C:\Users\rache\.jdks\ms-21.0.8\bin;C:\windows\SYSTEM32;C:\windows\WinSxS\amd64_microsoft.windows.common-controls_6595b64144ccf1df_6.0.22621.5547_none_27104afb73855772;C:\Users\rache\.jdks\ms-21.0.8\bin\server

VM Arguments:
jvm_args: -javaagent:C:\Program Files\JetBrains\IntelliJ IDEA Community Edition 2025.1.4.1\lib\idea_rt.jar=56117 -Dfile.encoding=UTF-8 -Dsun.stdout.encoding=UTF-8 -Dsun.stderr.encoding=UTF-8 
java_command: com.example.Drink_Local.DrinkLocalApplication
java_class_path (initial): C:\Users\rache\Desktop\launchcode\unit2 java\unit2-final-project-Nathan-F\Drink_Local\target\classes;C:\Users\rache\.m2\repository\org\springframework\boot\spring-boot-starter-data-jpa\3.5.6\spring-boot-starter-data-jpa-3.5.6.jar;C:\Users\rache\.m2\repository\org\springframework\boot\spring-boot-starter\3.5.6\spring-boot-starter-3.5.6.jar;C:\Users\rache\.m2\repository\org\springframework\boot\spring-boot-starter-logging\3.5.6\spring-boot-starter-logging-3.5.6.jar;C:\Users\rache\.m2\repository\ch\qos\logback\logback-classic\1.5.18\logback-classic-1.5.18.jar;C:\Users\rache\.m2\repository\ch\qos\logback\logback-core\1.5.18\logback-core-1.5.18.jar;C:\Users\rache\.m2\repository\org\apache\logging\log4j\log4j-to-slf4j\2.24.3\log4j-to-slf4j-2.24.3.jar;C:\Users\rache\.m2\repository\org\apache\logging\log4j\log4j-api\2.24.3\log4j-api-2.24.3.jar;C:\Users\rache\.m2\repository\org\slf4j\jul-to-slf4j\2.0.17\jul-to-slf4j-2.0.17.jar;C:\Users\rache\.m2\repository\jakarta\annotation\jakarta.annotation-api\2.1.1\jakarta.annotation-api-2.1.1.jar;C:\Users\rache\.m2\repository\org\yaml\snakeyaml\2.4\snakeyaml-2.4.jar;C:\Users\rache\.m2\repository\org\springframework\boot\spring-boot-starter-jdbc\3.5.6\spring-boot-starter-jdbc-3.5.6.jar;C:\Users\rache\.m2\repository\com\zaxxer\HikariCP\6.3.3\HikariCP-6.3.3.jar;C:\Users\rache\.m2\repository\org\springframework\spring-jdbc\6.2.11\spring-jdbc-6.2.11.jar;C:\Users\rache\.m2\repository\org\hibernate\orm\hibernate-core\6.6.29.Final\hibernate-core-6.6.29.Final.jar;C:\Users\rache\.m2\repository\jakarta\persistence\jakarta.persistence-api\3.1.0\jakarta.persistence-api-3.1.0.jar;C:\Users\rache\.m2\repository\jakarta\transaction\jakarta.transaction-api\2.0.1\jakarta.transaction-api-2.0.1.jar;C:\Users\rache\.m2\repository\org\jboss\logging\jboss-logging\3.6.1.Final\jboss-logging-3.6.1.Final.jar;C:\Users\rache\.m2\repository\org\hibernate\common\hibernate-commons-annotations\7.0.3.Final\hibernate-commons-annotations-7.0.3.Final.jar;C:\Users\rache\.m2\repository\io\smallrye\jandex\3.2.0\jandex-3.2.0.jar;C:\Users\rache\.m2\repository\com\fasterxml\classmate\1.7.0\classmate-1.7.0.jar;C:\Users\rache\.m2\repository\net\bytebuddy\byte-buddy\1.17.7\byte-buddy-1.17.7.jar;C:\Users\rache\.m2\repository\org\glassfish\jaxb\jaxb-runtime\4.0.5\jaxb-runtime-4.0.5.jar;C:\Users\rache\.m2\repository\org\glassfish\jaxb\jaxb-core\4.0.5\jaxb-core-4.0.5.jar;C:\Users\rache\.m2\repository\org\eclipse\angus\angus-activation\2.0.2\angus-activation-2.0.2.jar;C:\Users\rache\.m2\repository\org\glassfish\jaxb\txw2\4.0.5\txw2-4.0.5.jar;C:\Users\rache\.m2\repository\com\sun\istack\istack-commons-runtime\4.1.2\istack-commons-runtime-4.1.2.jar;C:\Users\rache\.m2\repository\jakarta\inject\jakarta.inject-api\2.0.1\jakarta.inject-api-2.0.1.jar;C:\Users\rache\.m2\repository\org\antlr\antlr4-runtime\4.13.0\antlr4-runtime-4.13.0.jar;C:\Users\rache\.m2\repository\org\springframework\data\spring-data-jpa\3.5.4\spring-data-jpa-3.5.4.jar;C:\Users\rache\.m2\repository\org\springframework\data\spring-data-commons\3.5.4\spring-data-commons-3.5.4.jar;C:\Users\rache\.m2\repository\org\springframework\spring-orm\6.2.11\spring-orm-6.2.11.jar;C:\Users\rache\.m2\repository\org\springframework\spring-context\6.2.11\spring-context-6.2.11.jar;C:\Users\rache\.m2\repository\org\springframework\spring-aop\6.2.11\spring-aop-6.2.11.jar;C:\Users\rache\.m2\repository\org\springframework\spring-tx\6.2.11\spring-tx-6.2.11.jar;C:\Users\rache\.m2\repository\org\springframework\spring-beans\6.2.11\spring-beans-6.2.11.jar;C:\Users\rache\.m2\repository\org\slf4j\slf4j-api\2.0.17\slf4j-api-2.0.17.jar;C:\Users\rache\.m2\repository\org\springframework\spring-aspects\6.2.11\spring-aspects-6.2.11.jar;C:\Users\rache\.m2\repository\org\aspectj\aspectjweaver\1.9.24\aspectjweaver-1.9.24.jar;C:\Users\rache\.m2\repository\org\springframework\boot\spring-boot-starter-data-rest\3.5.6\spring-boot-starter-data-rest-3.5.6.jar;C:\Users\rache\.m2\repository\org\springframework\data\spring-data-rest-webmvc\4.5.4\spring-data-rest-webmvc-4.5.4.jar;C:\Users\rache\.m2\repository\org\springframework\data\spring-data-rest-core\4.5.4\spring-data-rest-core-4.5.4.jar;C:\Users\rache\.m2\repository\org\springframework\hateoas\spring-hateoas\2.5.1\spring-hateoas-2.5.1.jar;C:\Users\rache\.m2\repository\org\springframework\plugin\spring-plugin-core\3.0.0\spring-plugin-core-3.0.0.jar;C:\Users\rache\.m2\repository\org\atteo\evo-inflector\1.3\evo-inflector-1.3.jar;C:\Users\rache\.m2\repository\com\fasterxml\jackson\core\jackson-databind\2.19.2\jackson-databind-2.19.2.jar;C:\Users\rache\.m2\repository\com\fasterxml\jackson\core\jackson-core\2.19.2\jackson-core-2.19.2.jar;C:\Users\rache\.m2\repository\com\fasterxml\jackson\core\jackson-annotations\2.19.2\jackson-annotations-2.19.2.jar;C:\Users\rache\.m2\repository\org\springframework\boot\spring-boot-starter-web\3.5.6\spring-boot-starter-web-3.5.6.jar;C:\Users\rache\.m2\repository\org\springframework\boot\spring-boot-starter-json\3.5.6\spring-boot-starter-json-3.5.6.jar;C:\Users\rache\.m2\repository\com\fasterxml\jackson\datatype\jackson-datatype-jdk8\2.19.2\jackson-datatype-jdk8-2.19.2.jar;C:\Users\rache\.m2\repository\com\fasterxml\jackson\datatype\jackson-datatype-jsr310\2.19.2\jackson-datatype-jsr310-2.19.2.jar;C:\Users\rache\.m2\repository\com\fasterxml\jackson\module\jackson-module-parameter-names\2.19.2\jackson-module-parameter-names-2.19.2.jar;C:\Users\rache\.m2\repository\org\springframework\boot\spring-boot-starter-tomcat\3.5.6\spring-boot-starter-tomcat-3.5.6.jar;C:\Users\rache\.m2\repository\org\apache\tomcat\embed\tomcat-embed-core\10.1.46\tomcat-embed-core-10.1.46.jar;C:\Users\rache\.m2\repository\org\apache\tomcat\embed\tomcat-embed-el\10.1.46\tomcat-embed-el-10.1.46.jar;C:\Users\rache\.m2\repository\org\apache\tomcat\embed\tomcat-embed-websocket\10.1.46\tomcat-embed-websocket-10.1.46.jar;C:\Users\rache\.m2\repository\org\springframework\spring-web\6.2.11\spring-web-6.2.11.jar;C:\Users\rache\.m2\repository\io\micrometer\micrometer-observation\1.15.4\micrometer-observation-1.15.4.jar;C:\Users\rache\.m2\repository\io\micrometer\micrometer-commons\1.15.4\micrometer-commons-1.15.4.jar;C:\Users\rache\.m2\repository\org\springframework\spring-webmvc\6.2.11\spring-webmvc-6.2.11.jar;C:\Users\rache\.m2\repository\org\springframework\spring-expression\6.2.11\spring-expression-6.2.11.jar;C:\Users\rache\.m2\repository\org\springframework\boot\spring-boot-devtools\3.5.6\spring-boot-devtools-3.5.6.jar;C:\Users\rache\.m2\repository\org\springframework\boot\spring-boot\3.5.6\spring-boot-3.5.6.jar;C:\Users\rache\.m2\repository\org\springframework\boot\spring-boot-autoconfigure\3.5.6\spring-boot-autoconfigure-3.5.6.jar;C:\Users\rache\.m2\repository\com\mysql\mysql-connector-j\9.4.0\mysql-connector-j-9.4.0.jar;C:\Users\rache\.m2\repository\org\projectlombok\lombok\1.18.40\lombok-1.18.40.jar;C:\Users\rache\.m2\repository\com\jayway\jsonpath\json-path\2.9.0\json-path-2.9.0.jar;C:\Users\rache\.m2\repository\jakarta\xml\bind\jakarta.xml.bind-api\4.0.2\jakarta.xml.bind-api-4.0.2.jar;C:\Users\rache\.m2\repository\jakarta\activation\jakarta.activation-api\2.1.4\jakarta.activation-api-2.1.4.jar;C:\Users\rache\.m2\repository\net\minidev\json-smart\2.5.2\json-smart-2.5.2.jar;C:\Users\rache\.m2\repository\net\minidev\accessors-smart\2.5.2\accessors-smart-2.5.2.jar;C:\Users\rache\.m2\repository\org\ow2\asm\asm\9.7.1\asm-9.7.1.jar;C:\Users\rache\.m2\repository\org\springframework\spring-core\6.2.11\spring-core-6.2.11.jar;C:\Users\rache\.m2\repository\org\springframework\spring-jcl\6.2.11\spring-jcl-6.2.11.jar
Launcher Type: SUN_STANDARD

[Global flags]
     intx CICompilerCount                          = 3                                         {product} {ergonomic}
     uint ConcGCThreads                            = 1                                         {product} {ergonomic}
     uint G1ConcRefinementThreads                  = 4                                         {product} {ergonomic}
   size_t G1HeapRegionSize                         = 1048576                                   {product} {ergonomic}
    uintx GCDrainStackTargetSize                   = 64                                        {product} {ergonomic}
   size_t InitialHeapSize                          = 65011712                                  {product} {ergonomic}
   size_t MarkStackSize                            = 4194304                                   {product} {ergonomic}
   size_t MaxHeapSize                              = 1012924416                                {product} {ergonomic}
   size_t MaxNewSize                               = 607125504                                 {product} {ergonomic}
   size_t MinHeapDeltaBytes                        = 1048576                                   {product} {ergonomic}
   size_t MinHeapSize                              = 8388608                                   {product} {ergonomic}
    uintx NonNMethodCodeHeapSize                   = 5832780                                {pd product} {ergonomic}
    uintx NonProfiledCodeHeapSize                  = 122912730                              {pd product} {ergonomic}
    uintx ProfiledCodeHeapSize                     = 122912730                              {pd product} {ergonomic}
    uintx ReservedCodeCacheSize                    = 251658240                              {pd product} {ergonomic}
     bool SegmentedCodeCache                       = true                                      {product} {ergonomic}
   size_t SoftMaxHeapSize                          = 1012924416                             {manageable} {ergonomic}
     bool UseCompressedOops                        = true                           {product lp64_product} {ergonomic}
     bool UseG1GC                                  = true                                      {product} {ergonomic}
     bool UseLargePagesIndividualAllocation        = false                                  {pd product} {ergonomic}

Logging:
Log output configuration:
 #0: stdout all=warning uptime,level,tags foldmultilines=false
 #1: stderr all=off uptime,level,tags foldmultilines=false

Environment Variables:
PATH=C:\Program Files\OpenLogic\jdk-17.0.16.8-hotspot\bin;C:\windows\system32;C:\windows;C:\windows\System32\Wbem;C:\windows\System32\WindowsPowerShell\v1.0\;C:\windows\System32\OpenSSH\;C:\Program Files\HP\HP One Agent;C:\Program Files\Git\cmd;C:\Program Files\nodejs\;C:\Users\rache\AppData\Local\Microsoft\WindowsApps;C:\Users\rache\AppData\Roaming\npm;C:\Users\rache\AppData\Local\Programs\Microsoft VS Code\bin
USERNAME=rache
OS=Windows_NT
PROCESSOR_IDENTIFIER=Intel64 Family 6 Model 122 Stepping 8, GenuineIntel
TMP=C:\Users\rache\AppData\Local\Temp
TEMP=C:\Users\rache\AppData\Local\Temp




Periodic native trim disabled

---------------  S Y S T E M  ---------------

OS:
 Windows 11 , 64 bit Build 22621 (10.0.22621.5415)
OS uptime: 0 days 17:26 hours

CPU: total 4 (initial active 4) (4 cores per cpu, 1 threads per core) family 6 model 122 stepping 8 microcode 0x24, cx8, cmov, fxsr, mmx, 3dnowpref, sse, sse2, sse3, ssse3, sse4.1, sse4.2, popcnt, tsc, tscinvbit, aes, erms, clmul, sha, clflush, clflushopt, rdtscp, rdpid
Processor Information for the first 4 processors :
  Max Mhz: 1101, Current Mhz: 1101, Mhz Limit: 1101

Memory: 4k page, system-wide physical 3858M (125M free)
TotalPageFile size 11172M (AvailPageFile size 0M)
current process WorkingSet (physical memory assigned to process): 178M, peak: 178M
current process commit charge ("private bytes"): 210M, peak: 210M

vm_info: OpenJDK 64-Bit Server VM (21.0.8+9-LTS) for windows-amd64 JRE (21.0.8+9-LTS), built on 2025-07-10T20:22:44Z by "MicrosoftCorporation" with unknown MS VC++:1944

END.
